Using pre-set license
Built from '2022.3/release' branch; Version is '2022.3.5f1 (9674261d40ee) revision 9860134'; Using compiler version '192829333'; Build Type 'Release'
OS: 'Windows 11  (10.0.22621) 64bit Core' Language: 'ja' Physical Memory: 16312 MB
BatchMode: 1, IsHumanControllingUs: 0, StartBugReporterOnCrash: 0, Is64bit: 1, IsPro: 1

COMMAND LINE ARGUMENTS:
C:\Program Files\Unity\Hub\Editor\2022.3.5f1\Editor\Unity.exe
-adb2
-batchMode
-noUpm
-name
AssetImportWorker6
-projectPath
C:/Users/castl/Downloads/譁ｰ縺励＞繝輔か繝ｫ繝繝ｼ
-logFile
Logs/AssetImportWorker6.log
-srvPort
53338
Successfully changed project path to: C:/Users/castl/Downloads/譁ｰ縺励＞繝輔か繝ｫ繝繝ｼ
C:/Users/castl/Downloads/譁ｰ縺励＞繝輔か繝ｫ繝繝ｼ
[UnityMemory] Configuration Parameters - Can be set up in boot.config
    "memorysetup-bucket-allocator-granularity=16"
    "memorysetup-bucket-allocator-bucket-count=8"
    "memorysetup-bucket-allocator-block-size=33554432"
    "memorysetup-bucket-allocator-block-count=8"
    "memorysetup-main-allocator-block-size=16777216"
    "memorysetup-thread-allocator-block-size=16777216"
    "memorysetup-gfx-main-allocator-block-size=16777216"
    "memorysetup-gfx-thread-allocator-block-size=16777216"
    "memorysetup-cache-allocator-block-size=4194304"
    "memorysetup-typetree-allocator-block-size=2097152"
    "memorysetup-profiler-bucket-allocator-granularity=16"
    "memorysetup-profiler-bucket-allocator-bucket-count=8"
    "memorysetup-profiler-bucket-allocator-block-size=33554432"
    "memorysetup-profiler-bucket-allocator-block-count=8"
    "memorysetup-profiler-allocator-block-size=16777216"
    "memorysetup-profiler-editor-allocator-block-size=1048576"
    "memorysetup-temp-allocator-size-main=16777216"
    "memorysetup-job-temp-allocator-block-size=2097152"
    "memorysetup-job-temp-allocator-block-size-background=1048576"
    "memorysetup-job-temp-allocator-reduction-small-platforms=262144"
    "memorysetup-allocator-temp-initial-block-size-main=262144"
    "memorysetup-allocator-temp-initial-block-size-worker=262144"
    "memorysetup-temp-allocator-size-background-worker=32768"
    "memorysetup-temp-allocator-size-job-worker=262144"
    "memorysetup-temp-allocator-size-preload-manager=33554432"
    "memorysetup-temp-allocator-size-nav-mesh-worker=65536"
    "memorysetup-temp-allocator-size-audio-worker=65536"
    "memorysetup-temp-allocator-size-cloud-worker=32768"
    "memorysetup-temp-allocator-size-gi-baking-worker=262144"
    "memorysetup-temp-allocator-size-gfx=262144"
Player connection [6176] Host "[IP] 172.17.32.1 [Port] 0 [Flags] 2 [Guid] 3000363334 [EditorId] 3000363334 [Version] 1048832 [Id] WindowsEditor(7,delta) [Debug] 1 [PackageName] WindowsEditor [ProjectName] Editor" joined multi-casting on [225.0.0.222:54997]...

Player connection [6176] Host "[IP] 172.17.32.1 [Port] 0 [Flags] 2 [Guid] 3000363334 [EditorId] 3000363334 [Version] 1048832 [Id] WindowsEditor(7,delta) [Debug] 1 [PackageName] WindowsEditor [ProjectName] Editor" joined alternative multi-casting on [225.0.0.222:34997]...

Refreshing native plugins compatible for Editor in 7.36 ms, found 3 plugins.
Preloading 0 native plugins for Editor in 0.00 ms.
Initialize engine version: 2022.3.5f1 (9674261d40ee)
[Subsystems] Discovering subsystems at path C:/Program Files/Unity/Hub/Editor/2022.3.5f1/Editor/Data/Resources/UnitySubsystems
[Subsystems] Discovering subsystems at path C:/Users/castl/Downloads/譁ｰ縺励＞繝輔か繝ｫ繝繝ｼ/Assets
GfxDevice: creating device client; threaded=0; jobified=0
Direct3D:
    Version:  Direct3D 11.0 [level 11.1]
    Renderer: NVIDIA GeForce RTX 4060 (ID=0x2882)
    Vendor:   NVIDIA
    VRAM:     7971 MB
    Driver:   31.0.15.3667
Initialize mono
Mono path[0] = 'C:/Program Files/Unity/Hub/Editor/2022.3.5f1/Editor/Data/Managed'
Mono path[1] = 'C:/Program Files/Unity/Hub/Editor/2022.3.5f1/Editor/Data/MonoBleedingEdge/lib/mono/unityjit-win32'
Mono config path = 'C:/Program Files/Unity/Hub/Editor/2022.3.5f1/Editor/Data/MonoBleedingEdge/etc'
Using monoOptions --debugger-agent=transport=dt_socket,embedding=1,server=y,suspend=n,address=127.0.0.1:56716
Begin MonoManager ReloadAssembly
Registering precompiled unity dll's ...
Register platform support module: C:/Program Files/Unity/Hub/Editor/2022.3.5f1/Editor/Data/PlaybackEngines/WindowsStandaloneSupport/UnityEditor.WindowsStandalone.Extensions.dll
Registered in 0.006946 seconds.
- Loaded All Assemblies, in  0.239 seconds
Native extension for WindowsStandalone target not found
Mono: successfully reloaded assembly
- Finished resetting the current domain, in  0.184 seconds
Domain Reload Profiling: 421ms
	BeginReloadAssembly (65ms)
		ExecutionOrderSort (0ms)
		DisableScriptedObjects (0ms)
		BackupInstance (0ms)
		ReleaseScriptingObjects (0ms)
		CreateAndSetChildDomain (1ms)
	RebuildCommonClasses (24ms)
	RebuildNativeTypeToScriptingClass (7ms)
	initialDomainReloadingComplete (48ms)
	LoadAllAssembliesAndSetupDomain (93ms)
		LoadAssemblies (63ms)
		RebuildTransferFunctionScriptingTraits (0ms)
		AnalyzeDomain (87ms)
			TypeCache.Refresh (87ms)
				TypeCache.ScanAssembly (79ms)
			ScanForSourceGeneratedMonoScriptInfo (0ms)
			ResolveRequiredComponents (0ms)
	FinalizeReload (184ms)
		ReleaseScriptCaches (0ms)
		RebuildScriptCaches (0ms)
		SetupLoadedEditorAssemblies (145ms)
			LogAssemblyErrors (0ms)
			InitializePlatformSupportModulesInManaged (8ms)
			SetLoadedEditorAssemblies (6ms)
			RefreshPlugins (0ms)
			BeforeProcessingInitializeOnLoad (2ms)
			ProcessInitializeOnLoadAttributes (96ms)
			ProcessInitializeOnLoadMethodAttributes (33ms)
			AfterProcessingInitializeOnLoad (0ms)
			EditorAssembliesLoaded (0ms)
		ExecutionOrderSort2 (0ms)
		AwakeInstancesAfterBackupRestoration (0ms)
========================================================================
Worker process is ready to serve import requests
Begin MonoManager ReloadAssembly
Symbol file LoadedFromMemory doesn't match image C:\Users\castl\Downloads\譁ｰ縺励＞繝輔か繝ｫ繝繝ｼ\Library\PackageCache\com.unity.visualscripting@1.8.0\Editor\VisualScripting.Core\Dependencies\YamlDotNet\Unity.VisualScripting.YamlDotNet.dll
Symbol file LoadedFromMemory doesn't match image C:\Users\castl\Downloads\譁ｰ縺励＞繝輔か繝ｫ繝繝ｼ\Library\PackageCache\com.unity.visualscripting@1.8.0\Editor\VisualScripting.Core\Dependencies\DotNetZip\Unity.VisualScripting.IonicZip.dll
- Loaded All Assemblies, in  0.514 seconds
Refreshing native plugins compatible for Editor in 3.62 ms, found 3 plugins.
Native extension for WindowsStandalone target not found
Mono: successfully reloaded assembly
- Finished resetting the current domain, in  0.351 seconds
Domain Reload Profiling: 861ms
	BeginReloadAssembly (102ms)
		ExecutionOrderSort (0ms)
		DisableScriptedObjects (4ms)
		BackupInstance (0ms)
		ReleaseScriptingObjects (0ms)
		CreateAndSetChildDomain (17ms)
	RebuildCommonClasses (25ms)
	RebuildNativeTypeToScriptingClass (7ms)
	initialDomainReloadingComplete (37ms)
	LoadAllAssembliesAndSetupDomain (338ms)
		LoadAssemblies (199ms)
		RebuildTransferFunctionScriptingTraits (0ms)
		AnalyzeDomain (187ms)
			TypeCache.Refresh (176ms)
				TypeCache.ScanAssembly (167ms)
			ScanForSourceGeneratedMonoScriptInfo (9ms)
			ResolveRequiredComponents (2ms)
	FinalizeReload (351ms)
		ReleaseScriptCaches (0ms)
		RebuildScriptCaches (0ms)
		SetupLoadedEditorAssemblies (254ms)
			LogAssemblyErrors (0ms)
			InitializePlatformSupportModulesInManaged (5ms)
			SetLoadedEditorAssemblies (3ms)
			RefreshPlugins (0ms)
			BeforeProcessingInitializeOnLoad (46ms)
			ProcessInitializeOnLoadAttributes (177ms)
			ProcessInitializeOnLoadMethodAttributes (15ms)
			AfterProcessingInitializeOnLoad (8ms)
			EditorAssembliesLoaded (0ms)
		ExecutionOrderSort2 (0ms)
		AwakeInstancesAfterBackupRestoration (5ms)
Launched and connected shader compiler UnityShaderCompiler.exe after 0.04 seconds
Refreshing native plugins compatible for Editor in 3.47 ms, found 3 plugins.
Preloading 0 native plugins for Editor in 0.00 ms.
Unloading 3070 Unused Serialized files (Serialized files now loaded: 0)
Unloading 31 unused Assets / (57.3 KB). Loaded Objects now: 3553.
Memory consumption went from 128.0 MB to 128.0 MB.
Total: 2.555300 ms (FindLiveObjects: 0.190500 ms CreateObjectMapping: 0.086000 ms MarkObjects: 2.179700 ms  DeleteObjects: 0.098300 ms)

AssetImportParameters requested are different than current active one (requested -> active):
  custom:container-demuxer-ogg: 62fdf1f143b41e24485cea50d1cbac27 -> 
  custom:video-codec-MediaFoundation-h265: 746d11721c4dcdbdad8f713fa42b33f4 -> 
  custom:video-decoder-ogg-theora: a1e56fd34408186e4bbccfd4996cb3dc -> 
  custom:framework-win-MediaFoundation: 216162199b28c13a410421893ffa2e32 -> 
  custom:CustomObjectIndexerAttribute: 756ad292c208cfabdd7b50bc23989ffe -> 
  custom:container-demuxer-webm: 4f35f7cbe854078d1ac9338744f61a02 -> 
  custom:container-muxer-webm: aa71ff27fc2769a1b78a27578f13a17b -> 
  custom:video-decoder-webm-vp8: 9c59270c3fd7afecdb556c50c9e8de78 -> 
  custom:AudioImporter_EditorPlatform: d09bf68614088b80899f8185d706f6e7 -> 
  custom:video-encoder-webm-vp8: eb34c28f22e8b96e1ab97ce403110664 -> 
  custom:audio-decoder-ogg-vorbis: bf7c407c2cedff20999df2af8eb42d56 -> 
  custom:audio-encoder-webm-vorbis: bf7c407c2cedff20999df2af8eb42d56 -> 
========================================================================
Received Import Request.
  Time since last request: 1017143.746594 seconds.
  path: Assets/Bed & Bath Furniture Pack/Materials/Textures/Bathtub_Bathtub_MetallicSmoothness.png
  artifactKey: Guid(ea9aa00ef1ffd904eab9c7b0cb11f8cc) Importer(815301076,1909f56bfc062723c751e8b465ee728b)
Start importing Assets/Bed & Bath Furniture Pack/Materials/Textures/Bathtub_Bathtub_MetallicSmoothness.png using Guid(ea9aa00ef1ffd904eab9c7b0cb11f8cc) Importer(815301076,1909f56bfc062723c751e8b465ee728b)  -> (artifact id: '4238ae8f625baab260c05f6dc865edde') in 0.061426 seconds
Number of updated asset objects reloaded before import = 0
Number of asset objects unloaded after import = 2
========================================================================
Received Import Request.
  Time since last request: 0.000017 seconds.
  path: Assets/Bed & Bath Furniture Pack/Materials/Textures/Sink_initialShadingGroup_AlbedoTransparency.png
  artifactKey: Guid(2c34d01d488de174ab9656ab59aafa00) Importer(815301076,1909f56bfc062723c751e8b465ee728b)
Start importing Assets/Bed & Bath Furniture Pack/Materials/Textures/Sink_initialShadingGroup_AlbedoTransparency.png using Guid(2c34d01d488de174ab9656ab59aafa00) Importer(815301076,1909f56bfc062723c751e8b465ee728b)  -> (artifact id: '955145fd558363ed2971c5e826a9afbb') in 0.014790 seconds
Number of updated asset objects reloaded before import = 0
Number of asset objects unloaded after import = 2
========================================================================
Received Import Request.
  Time since last request: 0.000016 seconds.
  path: Assets/Bed & Bath Furniture Pack/Materials/Textures/Toilet_Toilet_AlbedoTransparency.png
  artifactKey: Guid(c3e6d633f2031b54ab1cfb032c2384e2) Importer(815301076,1909f56bfc062723c751e8b465ee728b)
Start importing Assets/Bed & Bath Furniture Pack/Materials/Textures/Toilet_Toilet_AlbedoTransparency.png using Guid(c3e6d633f2031b54ab1cfb032c2384e2) Importer(815301076,1909f56bfc062723c751e8b465ee728b)  -> (artifact id: '10fd9780701f8b2663ba8ca212a159da') in 0.015360 seconds
Number of updated asset objects reloaded before import = 0
Number of asset objects unloaded after import = 2
========================================================================
Received Import Request.
  Time since last request: 0.000016 seconds.
  path: Assets/Bed & Bath Furniture Pack/Materials/Textures/Footstool_Footstool_MetallicSmoothness.png
  artifactKey: Guid(bee102f2b2c45c24e8351ca9fabde9cb) Importer(815301076,1909f56bfc062723c751e8b465ee728b)
Start importing Assets/Bed & Bath Furniture Pack/Materials/Textures/Footstool_Footstool_MetallicSmoothness.png using Guid(bee102f2b2c45c24e8351ca9fabde9cb) Importer(815301076,1909f56bfc062723c751e8b465ee728b)  -> (artifact id: '770f894e5eabd5f46eb818f9df056497') in 0.015693 seconds
Number of updated asset objects reloaded before import = 0
Number of asset objects unloaded after import = 2
========================================================================
Received Import Request.
  Time since last request: 0.000012 seconds.
  path: Assets/Bed & Bath Furniture Pack/Materials/Textures/Sink_initialShadingGroup_MetallicSmoothness.png
  artifactKey: Guid(3489913ad9f90e94daa676e7c890f02f) Importer(815301076,1909f56bfc062723c751e8b465ee728b)
Start importing Assets/Bed & Bath Furniture Pack/Materials/Textures/Sink_initialShadingGroup_MetallicSmoothness.png using Guid(3489913ad9f90e94daa676e7c890f02f) Importer(815301076,1909f56bfc062723c751e8b465ee728b)  -> (artifact id: 'b32e010b6859346a1996ce07ca97ef93') in 0.018195 seconds
Number of updated asset objects reloaded before import = 0
Number of asset objects unloaded after import = 2
========================================================================
Received Import Request.
  Time since last request: 0.000011 seconds.
  path: Assets/Bed & Bath Furniture Pack/Materials/Textures/Bed_Frame_MetallicSmoothness.png
  artifactKey: Guid(e0ef732f60e95ea49a0c893aadd0f863) Importer(815301076,1909f56bfc062723c751e8b465ee728b)
Start importing Assets/Bed & Bath Furniture Pack/Materials/Textures/Bed_Frame_MetallicSmoothness.png using Guid(e0ef732f60e95ea49a0c893aadd0f863) Importer(815301076,1909f56bfc062723c751e8b465ee728b)  -> (artifact id: 'b503a478bafb455b20d210d37e6ce3b9') in 0.012916 seconds
Number of updated asset objects reloaded before import = 0
Number of asset objects unloaded after import = 2
========================================================================
Received Import Request.
  Time since last request: 0.000017 seconds.
  path: Assets/Bed & Bath Furniture Pack/Materials/Textures/Bed_Bed_AlbedoTransparency.png
  artifactKey: Guid(cf49951a491c6504f9b654c67d59f8d1) Importer(815301076,1909f56bfc062723c751e8b465ee728b)
Start importing Assets/Bed & Bath Furniture Pack/Materials/Textures/Bed_Bed_AlbedoTransparency.png using Guid(cf49951a491c6504f9b654c67d59f8d1) Importer(815301076,1909f56bfc062723c751e8b465ee728b)  -> (artifact id: 'f98e01bc7860e72bbf44e41b25feab83') in 0.015211 seconds
Number of updated asset objects reloaded before import = 0
Number of asset objects unloaded after import = 2
========================================================================
Received Import Request.
  Time since last request: 0.000014 seconds.
  path: Assets/Bed & Bath Furniture Pack/Materials/Textures/Lamp_Lamp_Emission.png
  artifactKey: Guid(e94d1ae9755a6bf4598835f2899957ef) Importer(815301076,1909f56bfc062723c751e8b465ee728b)
Start importing Assets/Bed & Bath Furniture Pack/Materials/Textures/Lamp_Lamp_Emission.png using Guid(e94d1ae9755a6bf4598835f2899957ef) Importer(815301076,1909f56bfc062723c751e8b465ee728b)  -> (artifact id: '3eddd0245fecef64e33a8eac89075df1') in 0.014420 seconds
Number of updated asset objects reloaded before import = 0
Number of asset objects unloaded after import = 2
========================================================================
Received Import Request.
  Time since last request: 0.000012 seconds.
  path: Assets/Bed & Bath Furniture Pack/Materials/Textures/Bed_Frame_Normal.png
  artifactKey: Guid(8f47d1ceba5f10e4e845e287f58765fc) Importer(815301076,1909f56bfc062723c751e8b465ee728b)
Start importing Assets/Bed & Bath Furniture Pack/Materials/Textures/Bed_Frame_Normal.png using Guid(8f47d1ceba5f10e4e845e287f58765fc) Importer(815301076,1909f56bfc062723c751e8b465ee728b)  -> (artifact id: 'd721494cc6b93629e36001eecc878d80') in 0.033607 seconds
Number of updated asset objects reloaded before import = 0
Number of asset objects unloaded after import = 2
========================================================================
Received Import Request.
  Time since last request: 0.000017 seconds.
  path: Assets/Bed & Bath Furniture Pack/Materials/Textures/Dresser_Drawers_Normal.png
  artifactKey: Guid(bd96266fd0b3bea4ca201117959166d4) Importer(815301076,1909f56bfc062723c751e8b465ee728b)
Start importing Assets/Bed & Bath Furniture Pack/Materials/Textures/Dresser_Drawers_Normal.png using Guid(bd96266fd0b3bea4ca201117959166d4) Importer(815301076,1909f56bfc062723c751e8b465ee728b)  -> (artifact id: 'cefaad528b6c85466208ba0621d502f7') in 0.013378 seconds
Number of updated asset objects reloaded before import = 0
Number of asset objects unloaded after import = 2
========================================================================
Received Import Request.
  Time since last request: 0.000020 seconds.
  path: Assets/Bed & Bath Furniture Pack/Materials/Textures/Nightstand_Dresser_Normal.png
  artifactKey: Guid(b622f473c16ba2143a3cca9f573c0e13) Importer(815301076,1909f56bfc062723c751e8b465ee728b)
Start importing Assets/Bed & Bath Furniture Pack/Materials/Textures/Nightstand_Dresser_Normal.png using Guid(b622f473c16ba2143a3cca9f573c0e13) Importer(815301076,1909f56bfc062723c751e8b465ee728b)  -> (artifact id: '77eca14cb1295cddd6697181c0148df1') in 0.013042 seconds
Number of updated asset objects reloaded before import = 0
Number of asset objects unloaded after import = 2
========================================================================
Received Import Request.
  Time since last request: 0.000017 seconds.
  path: Assets/Bed & Bath Furniture Pack/Materials/Textures/Dresser_Drawers_MetallicSmoothness.png
  artifactKey: Guid(a16b212abdf86954aa5d9462f9668cda) Importer(815301076,1909f56bfc062723c751e8b465ee728b)
Start importing Assets/Bed & Bath Furniture Pack/Materials/Textures/Dresser_Drawers_MetallicSmoothness.png using Guid(a16b212abdf86954aa5d9462f9668cda) Importer(815301076,1909f56bfc062723c751e8b465ee728b)  -> (artifact id: '9af4bec875f0e13516a1f35b0a1d4d0a') in 0.014368 seconds
Number of updated asset objects reloaded before import = 0
Number of asset objects unloaded after import = 2
========================================================================
Received Import Request.
  Time since last request: 0.000016 seconds.
  path: Assets/Bed & Bath Furniture Pack/Materials/Textures/Bed_Bed_Normal.png
  artifactKey: Guid(268db609cd23afa4ba15897bb5359026) Importer(815301076,1909f56bfc062723c751e8b465ee728b)
Start importing Assets/Bed & Bath Furniture Pack/Materials/Textures/Bed_Bed_Normal.png using Guid(268db609cd23afa4ba15897bb5359026) Importer(815301076,1909f56bfc062723c751e8b465ee728b)  -> (artifact id: '3a39b65fcb1ee41c5e5aa261ef690c8f') in 0.012970 seconds
Number of updated asset objects reloaded before import = 0
Number of asset objects unloaded after import = 2
========================================================================
Received Import Request.
  Time since last request: 0.000042 seconds.
  path: Assets/Bed & Bath Furniture Pack/Materials/Textures/Nightstand_Dresser_MetallicSmoothness.png
  artifactKey: Guid(e1b86614f02a4c94b8a296aaffc49574) Importer(815301076,1909f56bfc062723c751e8b465ee728b)
Start importing Assets/Bed & Bath Furniture Pack/Materials/Textures/Nightstand_Dresser_MetallicSmoothness.png using Guid(e1b86614f02a4c94b8a296aaffc49574) Importer(815301076,1909f56bfc062723c751e8b465ee728b)  -> (artifact id: 'b5ad966ea92329243d5c9256cb5f106e') in 0.016052 seconds
Number of updated asset objects reloaded before import = 0
Number of asset objects unloaded after import = 2
========================================================================
Received Import Request.
  Time since last request: 0.000025 seconds.
  path: Assets/Bed & Bath Furniture Pack/Materials/Textures/Footstool_Footstool_AlbedoTransparency.png
  artifactKey: Guid(27980587a73077f4991f791ce4d3935d) Importer(815301076,1909f56bfc062723c751e8b465ee728b)
Start importing Assets/Bed & Bath Furniture Pack/Materials/Textures/Footstool_Footstool_AlbedoTransparency.png using Guid(27980587a73077f4991f791ce4d3935d) Importer(815301076,1909f56bfc062723c751e8b465ee728b)  -> (artifact id: '828a25b655d485e962b80f9de83c314e') in 0.014167 seconds
Number of updated asset objects reloaded before import = 0
Number of asset objects unloaded after import = 2
========================================================================
Received Import Request.
  Time since last request: 0.000029 seconds.
  path: Assets/Bed & Bath Furniture Pack/Materials/Textures/Lamp_Lamp_Normal.png
  artifactKey: Guid(58cdb0cd23198d44797952034904b7a9) Importer(815301076,1909f56bfc062723c751e8b465ee728b)
Start importing Assets/Bed & Bath Furniture Pack/Materials/Textures/Lamp_Lamp_Normal.png using Guid(58cdb0cd23198d44797952034904b7a9) Importer(815301076,1909f56bfc062723c751e8b465ee728b)  -> (artifact id: '170dcedecf023b71187fe4f3cc0adbbf') in 0.016114 seconds
Number of updated asset objects reloaded before import = 0
Number of asset objects unloaded after import = 2
Editor requested this worker to shutdown with reason: Scaling down because of idle timeout
TcpMessagingSession - receive error: operation aborted. errorcode: 995, details: スレッドの終了またはアプリケーションの要求によって、I/O 処理は中止されました。
AssetImportWorker is now disconnected from the server
Process exiting
Exiting without the bug reporter. Application will terminate with return code 0