Using pre-set license
Built from '2022.3/release' branch; Version is '2022.3.5f1 (9674261d40ee) revision 9860134'; Using compiler version '192829333'; Build Type 'Release'
OS: 'Windows 11  (10.0.22621) 64bit Core' Language: 'ja' Physical Memory: 16312 MB
BatchMode: 1, IsHumanControllingUs: 0, StartBugReporterOnCrash: 0, Is64bit: 1, IsPro: 1

COMMAND LINE ARGUMENTS:
C:\Program Files\Unity\Hub\Editor\2022.3.5f1\Editor\Unity.exe
-adb2
-batchMode
-noUpm
-name
AssetImportWorker4
-projectPath
C:/Users/castl/Downloads/新しいフォルダー
-logFile
Logs/AssetImportWorker4.log
-srvPort
53338
Successfully changed project path to: C:/Users/castl/Downloads/新しいフォルダー
C:/Users/castl/Downloads/新しいフォルダー
[UnityMemory] Configuration Parameters - Can be set up in boot.config
    "memorysetup-bucket-allocator-granularity=16"
    "memorysetup-bucket-allocator-bucket-count=8"
    "memorysetup-bucket-allocator-block-size=33554432"
    "memorysetup-bucket-allocator-block-count=8"
    "memorysetup-main-allocator-block-size=16777216"
    "memorysetup-thread-allocator-block-size=16777216"
    "memorysetup-gfx-main-allocator-block-size=16777216"
    "memorysetup-gfx-thread-allocator-block-size=16777216"
    "memorysetup-cache-allocator-block-size=4194304"
    "memorysetup-typetree-allocator-block-size=2097152"
    "memorysetup-profiler-bucket-allocator-granularity=16"
    "memorysetup-profiler-bucket-allocator-bucket-count=8"
    "memorysetup-profiler-bucket-allocator-block-size=33554432"
    "memorysetup-profiler-bucket-allocator-block-count=8"
    "memorysetup-profiler-allocator-block-size=16777216"
    "memorysetup-profiler-editor-allocator-block-size=1048576"
    "memorysetup-temp-allocator-size-main=16777216"
    "memorysetup-job-temp-allocator-block-size=2097152"
    "memorysetup-job-temp-allocator-block-size-background=1048576"
    "memorysetup-job-temp-allocator-reduction-small-platforms=262144"
    "memorysetup-allocator-temp-initial-block-size-main=262144"
    "memorysetup-allocator-temp-initial-block-size-worker=262144"
    "memorysetup-temp-allocator-size-background-worker=32768"
    "memorysetup-temp-allocator-size-job-worker=262144"
    "memorysetup-temp-allocator-size-preload-manager=33554432"
    "memorysetup-temp-allocator-size-nav-mesh-worker=65536"
    "memorysetup-temp-allocator-size-audio-worker=65536"
    "memorysetup-temp-allocator-size-cloud-worker=32768"
    "memorysetup-temp-allocator-size-gi-baking-worker=262144"
    "memorysetup-temp-allocator-size-gfx=262144"
Player connection [14388] Host "[IP] 172.17.32.1 [Port] 0 [Flags] 2 [Guid] 3269950719 [EditorId] 3269950719 [Version] 1048832 [Id] WindowsEditor(7,delta) [Debug] 1 [PackageName] WindowsEditor [ProjectName] Editor" joined multi-casting on [225.0.0.222:54997]...

Player connection [14388] Host "[IP] 172.17.32.1 [Port] 0 [Flags] 2 [Guid] 3269950719 [EditorId] 3269950719 [Version] 1048832 [Id] WindowsEditor(7,delta) [Debug] 1 [PackageName] WindowsEditor [ProjectName] Editor" joined alternative multi-casting on [225.0.0.222:34997]...

Refreshing native plugins compatible for Editor in 7.14 ms, found 3 plugins.
Preloading 0 native plugins for Editor in 0.00 ms.
Initialize engine version: 2022.3.5f1 (9674261d40ee)
[Subsystems] Discovering subsystems at path C:/Program Files/Unity/Hub/Editor/2022.3.5f1/Editor/Data/Resources/UnitySubsystems
[Subsystems] Discovering subsystems at path C:/Users/castl/Downloads/新しいフォルダー/Assets
GfxDevice: creating device client; threaded=0; jobified=0
Direct3D:
    Version:  Direct3D 11.0 [level 11.1]
    Renderer: NVIDIA GeForce RTX 4060 (ID=0x2882)
    Vendor:   NVIDIA
    VRAM:     7971 MB
    Driver:   31.0.15.3667
Initialize mono
Mono path[0] = 'C:/Program Files/Unity/Hub/Editor/2022.3.5f1/Editor/Data/Managed'
Mono path[1] = 'C:/Program Files/Unity/Hub/Editor/2022.3.5f1/Editor/Data/MonoBleedingEdge/lib/mono/unityjit-win32'
Mono config path = 'C:/Program Files/Unity/Hub/Editor/2022.3.5f1/Editor/Data/MonoBleedingEdge/etc'
Using monoOptions --debugger-agent=transport=dt_socket,embedding=1,server=y,suspend=n,address=127.0.0.1:56744
Begin MonoManager ReloadAssembly
Registering precompiled unity dll's ...
Register platform support module: C:/Program Files/Unity/Hub/Editor/2022.3.5f1/Editor/Data/PlaybackEngines/WindowsStandaloneSupport/UnityEditor.WindowsStandalone.Extensions.dll
Registered in 0.009568 seconds.
- Loaded All Assemblies, in  0.281 seconds
Native extension for WindowsStandalone target not found
Mono: successfully reloaded assembly
- Finished resetting the current domain, in  0.203 seconds
Domain Reload Profiling: 481ms
	BeginReloadAssembly (81ms)
		ExecutionOrderSort (0ms)
		DisableScriptedObjects (0ms)
		BackupInstance (0ms)
		ReleaseScriptingObjects (0ms)
		CreateAndSetChildDomain (1ms)
	RebuildCommonClasses (25ms)
	RebuildNativeTypeToScriptingClass (7ms)
	initialDomainReloadingComplete (54ms)
	LoadAllAssembliesAndSetupDomain (110ms)
		LoadAssemblies (79ms)
		RebuildTransferFunctionScriptingTraits (0ms)
		AnalyzeDomain (102ms)
			TypeCache.Refresh (102ms)
				TypeCache.ScanAssembly (91ms)
			ScanForSourceGeneratedMonoScriptInfo (0ms)
			ResolveRequiredComponents (0ms)
	FinalizeReload (203ms)
		ReleaseScriptCaches (0ms)
		RebuildScriptCaches (0ms)
		SetupLoadedEditorAssemblies (159ms)
			LogAssemblyErrors (0ms)
			InitializePlatformSupportModulesInManaged (9ms)
			SetLoadedEditorAssemblies (7ms)
			RefreshPlugins (0ms)
			BeforeProcessingInitializeOnLoad (2ms)
			ProcessInitializeOnLoadAttributes (100ms)
			ProcessInitializeOnLoadMethodAttributes (41ms)
			AfterProcessingInitializeOnLoad (0ms)
			EditorAssembliesLoaded (0ms)
		ExecutionOrderSort2 (0ms)
		AwakeInstancesAfterBackupRestoration (0ms)
========================================================================
Worker process is ready to serve import requests
Begin MonoManager ReloadAssembly
Symbol file LoadedFromMemory doesn't match image C:\Users\castl\Downloads\新しいフォルダー\Library\PackageCache\com.unity.visualscripting@1.8.0\Editor\VisualScripting.Core\Dependencies\YamlDotNet\Unity.VisualScripting.YamlDotNet.dll
Symbol file LoadedFromMemory doesn't match image C:\Users\castl\Downloads\新しいフォルダー\Library\PackageCache\com.unity.visualscripting@1.8.0\Editor\VisualScripting.Core\Dependencies\DotNetZip\Unity.VisualScripting.IonicZip.dll
- Loaded All Assemblies, in  0.617 seconds
Refreshing native plugins compatible for Editor in 3.88 ms, found 3 plugins.
Native extension for WindowsStandalone target not found
Mono: successfully reloaded assembly
- Finished resetting the current domain, in  0.385 seconds
Domain Reload Profiling: 998ms
	BeginReloadAssembly (117ms)
		ExecutionOrderSort (0ms)
		DisableScriptedObjects (4ms)
		BackupInstance (0ms)
		ReleaseScriptingObjects (0ms)
		CreateAndSetChildDomain (19ms)
	RebuildCommonClasses (30ms)
	RebuildNativeTypeToScriptingClass (9ms)
	initialDomainReloadingComplete (46ms)
	LoadAllAssembliesAndSetupDomain (411ms)
		LoadAssemblies (256ms)
		RebuildTransferFunctionScriptingTraits (0ms)
		AnalyzeDomain (214ms)
			TypeCache.Refresh (201ms)
				TypeCache.ScanAssembly (188ms)
			ScanForSourceGeneratedMonoScriptInfo (11ms)
			ResolveRequiredComponents (3ms)
	FinalizeReload (385ms)
		ReleaseScriptCaches (0ms)
		RebuildScriptCaches (0ms)
		SetupLoadedEditorAssemblies (275ms)
			LogAssemblyErrors (0ms)
			InitializePlatformSupportModulesInManaged (5ms)
			SetLoadedEditorAssemblies (4ms)
			RefreshPlugins (0ms)
			BeforeProcessingInitializeOnLoad (50ms)
			ProcessInitializeOnLoadAttributes (192ms)
			ProcessInitializeOnLoadMethodAttributes (15ms)
			AfterProcessingInitializeOnLoad (9ms)
			EditorAssembliesLoaded (0ms)
		ExecutionOrderSort2 (0ms)
		AwakeInstancesAfterBackupRestoration (6ms)
Launched and connected shader compiler UnityShaderCompiler.exe after 0.04 seconds
Refreshing native plugins compatible for Editor in 6.44 ms, found 3 plugins.
Preloading 0 native plugins for Editor in 0.00 ms.
Unloading 3070 Unused Serialized files (Serialized files now loaded: 0)
Unloading 31 unused Assets / (56.7 KB). Loaded Objects now: 3553.
Memory consumption went from 128.0 MB to 127.9 MB.
Total: 4.774400 ms (FindLiveObjects: 0.373100 ms CreateObjectMapping: 0.113000 ms MarkObjects: 4.156300 ms  DeleteObjects: 0.130800 ms)

AssetImportParameters requested are different than current active one (requested -> active):
  custom:container-demuxer-ogg: 62fdf1f143b41e24485cea50d1cbac27 -> 
  custom:video-codec-MediaFoundation-h265: 746d11721c4dcdbdad8f713fa42b33f4 -> 
  custom:video-decoder-ogg-theora: a1e56fd34408186e4bbccfd4996cb3dc -> 
  custom:framework-win-MediaFoundation: 216162199b28c13a410421893ffa2e32 -> 
  custom:CustomObjectIndexerAttribute: 756ad292c208cfabdd7b50bc23989ffe -> 
  custom:container-demuxer-webm: 4f35f7cbe854078d1ac9338744f61a02 -> 
  custom:container-muxer-webm: aa71ff27fc2769a1b78a27578f13a17b -> 
  custom:video-decoder-webm-vp8: 9c59270c3fd7afecdb556c50c9e8de78 -> 
  custom:AudioImporter_EditorPlatform: d09bf68614088b80899f8185d706f6e7 -> 
  custom:video-encoder-webm-vp8: eb34c28f22e8b96e1ab97ce403110664 -> 
  custom:audio-decoder-ogg-vorbis: bf7c407c2cedff20999df2af8eb42d56 -> 
  custom:audio-encoder-webm-vorbis: bf7c407c2cedff20999df2af8eb42d56 -> 
========================================================================
Received Import Request.
  Time since last request: 1016646.833979 seconds.
  path: Assets/Bed & Bath Furniture Pack/Models/Bathtub.obj
  artifactKey: Guid(f83bc37d8d15d0b49bf0a9868da45614) Importer(815301076,1909f56bfc062723c751e8b465ee728b)
Start importing Assets/Bed & Bath Furniture Pack/Models/Bathtub.obj using Guid(f83bc37d8d15d0b49bf0a9868da45614) Importer(815301076,1909f56bfc062723c751e8b465ee728b)  -> (artifact id: 'c0492d9a500a52cbfa73aa6da52eef5c') in 0.170931 seconds
Number of updated asset objects reloaded before import = 0
Number of asset objects unloaded after import = 10
========================================================================
Received Import Request.
  Time since last request: 2.009039 seconds.
  path: Assets/Bed & Bath Furniture Pack/Prefabs/Bathtub.prefab
  artifactKey: Guid(513ffd4a10c9298428542f3a6157c8cd) Importer(815301076,1909f56bfc062723c751e8b465ee728b)
Start importing Assets/Bed & Bath Furniture Pack/Prefabs/Bathtub.prefab using Guid(513ffd4a10c9298428542f3a6157c8cd) Importer(815301076,1909f56bfc062723c751e8b465ee728b)  -> (artifact id: 'd3ff052353b147aeda3df839ef8ddaaa') in 0.152319 seconds
Number of updated asset objects reloaded before import = 0
Number of asset objects unloaded after import = 14
========================================================================
Received Import Request.
  Time since last request: 6.350665 seconds.
  path: Assets/Fantasy Forest Environment Free Sample/Materials/bark01_bottom.mat
  artifactKey: Guid(7e56b6e37c078ed47b6d0e9d9249ea9f) Importer(815301076,1909f56bfc062723c751e8b465ee728b)
Start importing Assets/Fantasy Forest Environment Free Sample/Materials/bark01_bottom.mat using Guid(7e56b6e37c078ed47b6d0e9d9249ea9f) Importer(815301076,1909f56bfc062723c751e8b465ee728b)  -> (artifact id: '57cf24b9bfbae576499140585adc22df') in 0.235713 seconds
Number of updated asset objects reloaded before import = 0
Number of asset objects unloaded after import = 2
========================================================================
Received Import Request.
  Time since last request: 0.915723 seconds.
  path: Assets/Fantasy Forest Environment Free Sample/Textures/bark01_bottom.tga
  artifactKey: Guid(4e44992d8a199a546aeaaa6ebc63b91a) Importer(815301076,1909f56bfc062723c751e8b465ee728b)
Start importing Assets/Fantasy Forest Environment Free Sample/Textures/bark01_bottom.tga using Guid(4e44992d8a199a546aeaaa6ebc63b91a) Importer(815301076,1909f56bfc062723c751e8b465ee728b)  -> (artifact id: '50f1fb4c28f5e3a32dd55f46f4311a24') in 0.027624 seconds
Number of updated asset objects reloaded before import = 0
Number of asset objects unloaded after import = 2
========================================================================
Received Import Request.
  Time since last request: 7.667999 seconds.
  path: Assets/Toon Furniture/Prefabs/Ball_1.prefab
  artifactKey: Guid(4945551f5e101604ab8cd71442e62a7e) Importer(815301076,1909f56bfc062723c751e8b465ee728b)
Start importing Assets/Toon Furniture/Prefabs/Ball_1.prefab using Guid(4945551f5e101604ab8cd71442e62a7e) Importer(815301076,1909f56bfc062723c751e8b465ee728b)  -> (artifact id: '045e7838e00d525fe085e291a6cb188d') in 0.012660 seconds
Number of updated asset objects reloaded before import = 0
Number of asset objects unloaded after import = 9
========================================================================
Received Import Request.
  Time since last request: 0.000015 seconds.
  path: Assets/Toon Furniture/Prefabs/CoffeTable_3.prefab
  artifactKey: Guid(84b3095a92ec27d448532647a747bbf9) Importer(815301076,1909f56bfc062723c751e8b465ee728b)
Start importing Assets/Toon Furniture/Prefabs/CoffeTable_3.prefab using Guid(84b3095a92ec27d448532647a747bbf9) Importer(815301076,1909f56bfc062723c751e8b465ee728b)  -> (artifact id: '60741b915ed8aa28a26f787a10b2d331') in 0.009638 seconds
Number of updated asset objects reloaded before import = 0
Number of asset objects unloaded after import = 10
========================================================================
Received Import Request.
  Time since last request: 0.000016 seconds.
  path: Assets/Toon Furniture/Prefabs/Refrigerator_1.prefab
  artifactKey: Guid(cae965229ed2dc64396613399ba974d4) Importer(815301076,1909f56bfc062723c751e8b465ee728b)
Start importing Assets/Toon Furniture/Prefabs/Refrigerator_1.prefab using Guid(cae965229ed2dc64396613399ba974d4) Importer(815301076,1909f56bfc062723c751e8b465ee728b)  -> (artifact id: '04f4625d11c7d6616132dd496e6d2889') in 0.009709 seconds
Number of updated asset objects reloaded before import = 0
Number of asset objects unloaded after import = 10
========================================================================
Received Import Request.
  Time since last request: 0.000015 seconds.
  path: Assets/Toon Furniture/Prefabs/Queen_Bed_1.prefab
  artifactKey: Guid(10efb94c6bff2ac4ead891c26d371ef4) Importer(815301076,1909f56bfc062723c751e8b465ee728b)
Start importing Assets/Toon Furniture/Prefabs/Queen_Bed_1.prefab using Guid(10efb94c6bff2ac4ead891c26d371ef4) Importer(815301076,1909f56bfc062723c751e8b465ee728b)  -> (artifact id: '7babd65c17a2985e2505e281dfbf2062') in 0.018228 seconds
Number of updated asset objects reloaded before import = 0
Number of asset objects unloaded after import = 27
========================================================================
Received Import Request.
  Time since last request: 0.000016 seconds.
  path: Assets/Toon Furniture/Prefabs/CoffeTable_2.prefab
  artifactKey: Guid(09782e9b245027943b80aeaafb397b6b) Importer(815301076,1909f56bfc062723c751e8b465ee728b)
Start importing Assets/Toon Furniture/Prefabs/CoffeTable_2.prefab using Guid(09782e9b245027943b80aeaafb397b6b) Importer(815301076,1909f56bfc062723c751e8b465ee728b)  -> (artifact id: 'efcc3c7634d0c354931f01ccd6cb0ae4') in 0.012188 seconds
Number of updated asset objects reloaded before import = 0
Number of asset objects unloaded after import = 10
========================================================================
Received Import Request.
  Time since last request: 0.000014 seconds.
  path: Assets/Toon Furniture/Prefabs/CoffeTable_4.prefab
  artifactKey: Guid(76ad0c5c9efae324b940fda5e601d62c) Importer(815301076,1909f56bfc062723c751e8b465ee728b)
Start importing Assets/Toon Furniture/Prefabs/CoffeTable_4.prefab using Guid(76ad0c5c9efae324b940fda5e601d62c) Importer(815301076,1909f56bfc062723c751e8b465ee728b)  -> (artifact id: '180e878e6b1f0e1c72bb717f4a83e3d0') in 0.016568 seconds
Number of updated asset objects reloaded before import = 0
Number of asset objects unloaded after import = 10
========================================================================
Received Import Request.
  Time since last request: 0.000013 seconds.
  path: Assets/Toon Furniture/Prefabs/Chair_6.prefab
  artifactKey: Guid(90421e262216bf6428b4337235113ed2) Importer(815301076,1909f56bfc062723c751e8b465ee728b)
Start importing Assets/Toon Furniture/Prefabs/Chair_6.prefab using Guid(90421e262216bf6428b4337235113ed2) Importer(815301076,1909f56bfc062723c751e8b465ee728b)  -> (artifact id: 'df19c59e7c27767e5e6699083edf26be') in 0.014265 seconds
Number of updated asset objects reloaded before import = 0
Number of asset objects unloaded after import = 10
========================================================================
Received Import Request.
  Time since last request: 0.000014 seconds.
  path: Assets/Toon Furniture/Prefabs/Vase_2.prefab
  artifactKey: Guid(e82e7ed6a84cc6740b35f4cc13493d66) Importer(815301076,1909f56bfc062723c751e8b465ee728b)
Start importing Assets/Toon Furniture/Prefabs/Vase_2.prefab using Guid(e82e7ed6a84cc6740b35f4cc13493d66) Importer(815301076,1909f56bfc062723c751e8b465ee728b)  -> (artifact id: '32cf8e03796d898850c2961fe9764ad5') in 0.014525 seconds
Number of updated asset objects reloaded before import = 0
Number of asset objects unloaded after import = 26
========================================================================
Received Import Request.
  Time since last request: 5.148814 seconds.
  path: Assets/urethane_hammer/Materials/urethane_hammer.mat
  artifactKey: Guid(cac3993737c3b524388b12c1dfaf4e02) Importer(815301076,1909f56bfc062723c751e8b465ee728b)
Start importing Assets/urethane_hammer/Materials/urethane_hammer.mat using Guid(cac3993737c3b524388b12c1dfaf4e02) Importer(815301076,1909f56bfc062723c751e8b465ee728b)  -> (artifact id: 'f3f924cf333d4c70f91421bc19b998d4') in 0.025262 seconds
Number of updated asset objects reloaded before import = 0
Number of asset objects unloaded after import = 4
========================================================================
Received Import Request.
  Time since last request: 0.693997 seconds.
  path: Assets/urethane_hammer/Models/urethane_hammer.FBX
  artifactKey: Guid(07d8ff49282bc1e448da2f088c57f512) Importer(815301076,1909f56bfc062723c751e8b465ee728b)
Start importing Assets/urethane_hammer/Models/urethane_hammer.FBX using Guid(07d8ff49282bc1e448da2f088c57f512) Importer(815301076,1909f56bfc062723c751e8b465ee728b)  -> (artifact id: 'af7613eb5dca8ce3ae2e1f780638e594') in 0.014673 seconds
Number of updated asset objects reloaded before import = 0
Number of asset objects unloaded after import = 11
========================================================================
Received Import Request.
  Time since last request: 0.456562 seconds.
  path: Assets/urethane_hammer/Prefabs/urethane_hammer.prefab
  artifactKey: Guid(5747a40703f43a24791f1907b2d88507) Importer(815301076,1909f56bfc062723c751e8b465ee728b)
Start importing Assets/urethane_hammer/Prefabs/urethane_hammer.prefab using Guid(5747a40703f43a24791f1907b2d88507) Importer(815301076,1909f56bfc062723c751e8b465ee728b)  -> (artifact id: 'e3742708b97e6765878dbb6f2fb46392') in 0.010350 seconds
Number of updated asset objects reloaded before import = 0
Number of asset objects unloaded after import = 11
========================================================================
Received Import Request.
  Time since last request: 1.028988 seconds.
  path: Assets/urethane_hammer/Textures/urethane_hammer.tga
  artifactKey: Guid(c9fd4eaac4f0c3e449be1abf4a4a9142) Importer(815301076,1909f56bfc062723c751e8b465ee728b)
Start importing Assets/urethane_hammer/Textures/urethane_hammer.tga using Guid(c9fd4eaac4f0c3e449be1abf4a4a9142) Importer(815301076,1909f56bfc062723c751e8b465ee728b)  -> (artifact id: 'bfa7e631b1ed40a87f528b7f13c657b1') in 0.029113 seconds
Number of updated asset objects reloaded before import = 0
Number of asset objects unloaded after import = 2
========================================================================
Received Import Request.
  Time since last request: 15.171404 seconds.
  path: Packages/com.unity.testtools.codecoverage/package.json
  artifactKey: Guid(ba7d60725b0ec604698819352642be89) Importer(815301076,1909f56bfc062723c751e8b465ee728b)
Start importing Packages/com.unity.testtools.codecoverage/package.json using Guid(ba7d60725b0ec604698819352642be89) Importer(815301076,1909f56bfc062723c751e8b465ee728b)  -> (artifact id: 'b0c0d7986351c1cbb24f6cf9b3a39b6b') in 0.001159 seconds
Number of updated asset objects reloaded before import = 0
Number of asset objects unloaded after import = 1
========================================================================
Received Import Request.
  Time since last request: 0.565643 seconds.
  path: Packages/com.unity.editorcoroutines/package.json
  artifactKey: Guid(6428ca6f30e71ee4dbea7e1d0787cb07) Importer(815301076,1909f56bfc062723c751e8b465ee728b)
Start importing Packages/com.unity.editorcoroutines/package.json using Guid(6428ca6f30e71ee4dbea7e1d0787cb07) Importer(815301076,1909f56bfc062723c751e8b465ee728b)  -> (artifact id: '3bd67d7a7ae6739df3ffd26c8a7e7974') in 0.001151 seconds
Number of updated asset objects reloaded before import = 0
Number of asset objects unloaded after import = 1
========================================================================
Received Import Request.
  Time since last request: 0.567391 seconds.
  path: Packages/com.unity.ext.nunit/package.json
  artifactKey: Guid(8143d3a8390f2c64685e3bc272bd9e90) Importer(815301076,1909f56bfc062723c751e8b465ee728b)
Start importing Packages/com.unity.ext.nunit/package.json using Guid(8143d3a8390f2c64685e3bc272bd9e90) Importer(815301076,1909f56bfc062723c751e8b465ee728b)  -> (artifact id: '02e6ff00f4d339ca929f0df7e6e68e04') in 0.000854 seconds
Number of updated asset objects reloaded before import = 0
Number of asset objects unloaded after import = 1
========================================================================
Received Import Request.
  Time since last request: 2.438557 seconds.
  path: Packages/com.unity.ide.rider/package.json
  artifactKey: Guid(66c95bb3c74257f41bae2622511dc02d) Importer(815301076,1909f56bfc062723c751e8b465ee728b)
Start importing Packages/com.unity.ide.rider/package.json using Guid(66c95bb3c74257f41bae2622511dc02d) Importer(815301076,1909f56bfc062723c751e8b465ee728b)  -> (artifact id: 'a0040ba62563e71d44e83ddfb9b7361b') in 0.000828 seconds
Number of updated asset objects reloaded before import = 0
Number of asset objects unloaded after import = 1
========================================================================
Received Import Request.
  Time since last request: 0.461962 seconds.
  path: Packages/com.unity.performance.profile-analyzer/package.json
  artifactKey: Guid(478e38cbe30254f8c868840b4e2f32e1) Importer(815301076,1909f56bfc062723c751e8b465ee728b)
Start importing Packages/com.unity.performance.profile-analyzer/package.json using Guid(478e38cbe30254f8c868840b4e2f32e1) Importer(815301076,1909f56bfc062723c751e8b465ee728b)  -> (artifact id: 'a0f294e9a14fb717b88f22ea1d4b4038') in 0.000916 seconds
Number of updated asset objects reloaded before import = 0
Number of asset objects unloaded after import = 1
========================================================================
Received Import Request.
  Time since last request: 0.614791 seconds.
  path: Packages/com.unity.settings-manager/package.json
  artifactKey: Guid(3001f7491ac66e34a9694543d9f8b1ee) Importer(815301076,1909f56bfc062723c751e8b465ee728b)
Start importing Packages/com.unity.settings-manager/package.json using Guid(3001f7491ac66e34a9694543d9f8b1ee) Importer(815301076,1909f56bfc062723c751e8b465ee728b)  -> (artifact id: 'ec04e17e4cc5ededd5fe9efff040daa0') in 0.000932 seconds
Number of updated asset objects reloaded before import = 0
Number of asset objects unloaded after import = 1
========================================================================
Received Import Request.
  Time since last request: 0.958872 seconds.
  path: Packages/com.unity.test-framework/package.json
  artifactKey: Guid(d6a2e6e4803de7b43baacdc355fc144d) Importer(815301076,1909f56bfc062723c751e8b465ee728b)
Start importing Packages/com.unity.test-framework/package.json using Guid(d6a2e6e4803de7b43baacdc355fc144d) Importer(815301076,1909f56bfc062723c751e8b465ee728b)  -> (artifact id: 'f735537715d2afc1cf422a3d98bb5408') in 0.000929 seconds
Number of updated asset objects reloaded before import = 0
Number of asset objects unloaded after import = 1
========================================================================
Received Import Request.
  Time since last request: 0.686673 seconds.
  path: Packages/com.unity.textmeshpro/package.json
  artifactKey: Guid(220e9325710f4235a43492dd1ee4980d) Importer(815301076,1909f56bfc062723c751e8b465ee728b)
Start importing Packages/com.unity.textmeshpro/package.json using Guid(220e9325710f4235a43492dd1ee4980d) Importer(815301076,1909f56bfc062723c751e8b465ee728b)  -> (artifact id: '76e3288d49636ffd879f61a3837ce8b4') in 0.000877 seconds
Number of updated asset objects reloaded before import = 0
Number of asset objects unloaded after import = 1
========================================================================
Received Import Request.
  Time since last request: 2.046769 seconds.
  path: Packages/com.unity.ugui/package.json
  artifactKey: Guid(319b8889f363f5947acf209c17a94149) Importer(815301076,1909f56bfc062723c751e8b465ee728b)
Start importing Packages/com.unity.ugui/package.json using Guid(319b8889f363f5947acf209c17a94149) Importer(815301076,1909f56bfc062723c751e8b465ee728b)  -> (artifact id: '9d51f700e97af91693ecd180754e8e1e') in 0.000919 seconds
Number of updated asset objects reloaded before import = 0
Number of asset objects unloaded after import = 1
========================================================================
Received Import Request.
  Time since last request: 0.430519 seconds.
  path: Packages/com.unity.timeline/package.json
  artifactKey: Guid(13a9c1b4df2e489e8eb9cacca7429596) Importer(815301076,1909f56bfc062723c751e8b465ee728b)
Start importing Packages/com.unity.timeline/package.json using Guid(13a9c1b4df2e489e8eb9cacca7429596) Importer(815301076,1909f56bfc062723c751e8b465ee728b)  -> (artifact id: '85e0b03d3483383af593e1ffa558842f') in 0.001017 seconds
Number of updated asset objects reloaded before import = 0
Number of asset objects unloaded after import = 1
========================================================================
Received Import Request.
  Time since last request: 15.091942 seconds.
  path: Assets/01_AssetStore/DoorPackFree/Prefab/DoorV1.prefab
  artifactKey: Guid(214b673e61a328f4b97a4c1f1bba63d3) Importer(815301076,1909f56bfc062723c751e8b465ee728b)
Start importing Assets/01_AssetStore/DoorPackFree/Prefab/DoorV1.prefab using Guid(214b673e61a328f4b97a4c1f1bba63d3) Importer(815301076,1909f56bfc062723c751e8b465ee728b)  -> (artifact id: '10f5b607ca57590409cfefa1b8711d44') in 0.196692 seconds
Number of updated asset objects reloaded before import = 0
Number of asset objects unloaded after import = 20
========================================================================
Received Import Request.
  Time since last request: 1.237122 seconds.
  path: Assets/Fantasy Forest Environment Free Sample/Meshes/Prefabs/tree_1.prefab
  artifactKey: Guid(eded051879df4c147b9010199d240258) Importer(815301076,1909f56bfc062723c751e8b465ee728b)
Start importing Assets/Fantasy Forest Environment Free Sample/Meshes/Prefabs/tree_1.prefab using Guid(eded051879df4c147b9010199d240258) Importer(815301076,1909f56bfc062723c751e8b465ee728b)  -> (artifact id: 'd7cd0b84c77e544a0c0ab7e5b5e95e59') in 0.059513 seconds
Number of updated asset objects reloaded before import = 0
Number of asset objects unloaded after import = 25
========================================================================
Received Import Request.
  Time since last request: 2.304703 seconds.
  path: Assets/01_AssetStore/DoorPackFree/Meshes/Door001/Door001.FBX
  artifactKey: Guid(5518466ac73c3b94e8f1765c6c455927) Importer(815301076,1909f56bfc062723c751e8b465ee728b)
Start importing Assets/01_AssetStore/DoorPackFree/Meshes/Door001/Door001.FBX using Guid(5518466ac73c3b94e8f1765c6c455927) Importer(815301076,1909f56bfc062723c751e8b465ee728b)  -> (artifact id: 'f0fc13f1ab0f3ff125da2cac88ed4828') in 0.093241 seconds
Number of updated asset objects reloaded before import = 0
Number of asset objects unloaded after import = 18
========================================================================
Received Import Request.
  Time since last request: 0.687422 seconds.
  path: Assets/Toon Furniture/Materials/BookCase_2.mat
  artifactKey: Guid(d0088e45804523549867166fd4706b95) Importer(815301076,1909f56bfc062723c751e8b465ee728b)
Start importing Assets/Toon Furniture/Materials/BookCase_2.mat using Guid(d0088e45804523549867166fd4706b95) Importer(815301076,1909f56bfc062723c751e8b465ee728b)  -> (artifact id: '5f03526eb5a772b44fc36b0672103205') in 0.007318 seconds
Number of updated asset objects reloaded before import = 0
Number of asset objects unloaded after import = 3
========================================================================
Received Import Request.
  Time since last request: 0.000010 seconds.
  path: Assets/Toon Furniture/Materials/CoffeTable_4.mat
  artifactKey: Guid(3ddc923c1a3527c4f84a7050af679b73) Importer(815301076,1909f56bfc062723c751e8b465ee728b)
Start importing Assets/Toon Furniture/Materials/CoffeTable_4.mat using Guid(3ddc923c1a3527c4f84a7050af679b73) Importer(815301076,1909f56bfc062723c751e8b465ee728b)  -> (artifact id: '4c1e6c4a8926a540e6fc696a998487ac') in 0.007329 seconds
Number of updated asset objects reloaded before import = 0
Number of asset objects unloaded after import = 3
========================================================================
Received Import Request.
  Time since last request: 0.000018 seconds.
  path: Assets/Toon Furniture/Materials/Counter_3.mat
  artifactKey: Guid(8133c53ca4ed0c54c82be79fc0a4cec8) Importer(815301076,1909f56bfc062723c751e8b465ee728b)
Start importing Assets/Toon Furniture/Materials/Counter_3.mat using Guid(8133c53ca4ed0c54c82be79fc0a4cec8) Importer(815301076,1909f56bfc062723c751e8b465ee728b)  -> (artifact id: '9a312192bffdeb2e64432e8d18da59d6') in 0.007853 seconds
Number of updated asset objects reloaded before import = 0
Number of asset objects unloaded after import = 3
========================================================================
Received Import Request.
  Time since last request: 0.000016 seconds.
  path: Assets/Toon Furniture/Materials/Kitchen_Cabinet_1.mat
  artifactKey: Guid(b0a70fd5b6152d34d93eeeb307e133f2) Importer(815301076,1909f56bfc062723c751e8b465ee728b)
Start importing Assets/Toon Furniture/Materials/Kitchen_Cabinet_1.mat using Guid(b0a70fd5b6152d34d93eeeb307e133f2) Importer(815301076,1909f56bfc062723c751e8b465ee728b)  -> (artifact id: '25c8866956017f454e0178e348a8a802') in 0.018003 seconds
Number of updated asset objects reloaded before import = 0
Number of asset objects unloaded after import = 3
========================================================================
Received Import Request.
  Time since last request: 0.000013 seconds.
  path: Assets/Toon Furniture/Materials/Counter_1.mat
  artifactKey: Guid(b1ac97309f9bfea41b01f0b7ea373b58) Importer(815301076,1909f56bfc062723c751e8b465ee728b)
Start importing Assets/Toon Furniture/Materials/Counter_1.mat using Guid(b1ac97309f9bfea41b01f0b7ea373b58) Importer(815301076,1909f56bfc062723c751e8b465ee728b)  -> (artifact id: '7b6c3695807ef6eb07e1af57c19febb9') in 0.012981 seconds
Number of updated asset objects reloaded before import = 0
Number of asset objects unloaded after import = 3
========================================================================
Received Import Request.
  Time since last request: 0.000013 seconds.
  path: Assets/Toon Furniture/Materials/Counter_2.mat
  artifactKey: Guid(0261e0d39029378409cd6ccb24d17a58) Importer(815301076,1909f56bfc062723c751e8b465ee728b)
Start importing Assets/Toon Furniture/Materials/Counter_2.mat using Guid(0261e0d39029378409cd6ccb24d17a58) Importer(815301076,1909f56bfc062723c751e8b465ee728b)  -> (artifact id: 'c2cf09a804ee568f42acf6d77809d36e') in 0.012622 seconds
Number of updated asset objects reloaded before import = 0
Number of asset objects unloaded after import = 3
========================================================================
Received Import Request.
  Time since last request: 2.430639 seconds.
  path: Assets/Toon Furniture/Models/Materials/Material.mat
  artifactKey: Guid(68f97f2dd1bbed04791b380fcb10d016) Importer(815301076,1909f56bfc062723c751e8b465ee728b)
Start importing Assets/Toon Furniture/Models/Materials/Material.mat using Guid(68f97f2dd1bbed04791b380fcb10d016) Importer(815301076,1909f56bfc062723c751e8b465ee728b)  -> (artifact id: '204e9b5c8a2b83bddf12e855f3632a76') in 0.011419 seconds
Number of updated asset objects reloaded before import = 0
Number of asset objects unloaded after import = 1
========================================================================
Received Import Request.
  Time since last request: 0.000018 seconds.
  path: Assets/Toon Furniture/Materials/Refrigerator_1.mat
  artifactKey: Guid(e3d83589f1e2bac489f8480b61dd2908) Importer(815301076,1909f56bfc062723c751e8b465ee728b)
Start importing Assets/Toon Furniture/Materials/Refrigerator_1.mat using Guid(e3d83589f1e2bac489f8480b61dd2908) Importer(815301076,1909f56bfc062723c751e8b465ee728b)  -> (artifact id: '70c8355a5bea94299653aa3d716b8d9e') in 0.020870 seconds
Number of updated asset objects reloaded before import = 0
Number of asset objects unloaded after import = 3
========================================================================
Received Import Request.
  Time since last request: 26.254329 seconds.
  path: Assets/Toon Furniture/Models/Materials/Single_Bed_1_3.mat
  artifactKey: Guid(1a48709a5e91e65448895398a4e8c068) Importer(815301076,1909f56bfc062723c751e8b465ee728b)
Start importing Assets/Toon Furniture/Models/Materials/Single_Bed_1_3.mat using Guid(1a48709a5e91e65448895398a4e8c068) Importer(815301076,1909f56bfc062723c751e8b465ee728b)  -> (artifact id: 'c9d9a0d806982ccf3cb3644a5976cb98') in 0.013184 seconds
Number of updated asset objects reloaded before import = 0
Number of asset objects unloaded after import = 3
========================================================================
Received Import Request.
  Time since last request: 23.641905 seconds.
  path: Assets/01_AssetStore/DoorPackFree/Meshes/Door001/Materials/V4.mat
  artifactKey: Guid(c2d8aea817ff67d4292424d139872f20) Importer(815301076,1909f56bfc062723c751e8b465ee728b)
Start importing Assets/01_AssetStore/DoorPackFree/Meshes/Door001/Materials/V4.mat using Guid(c2d8aea817ff67d4292424d139872f20) Importer(815301076,1909f56bfc062723c751e8b465ee728b)  -> (artifact id: '19d65ab0cf6024a72197bbb2b0727dad') in 0.188708 seconds
Number of updated asset objects reloaded before import = 0
Number of asset objects unloaded after import = 5
========================================================================
Received Import Request.
  Time since last request: 34.691068 seconds.
  path: Assets/Toon Furniture/Textures/Headboard_1_1.png
  artifactKey: Guid(b92b16e6e1aa10341be7b1993b5b24bf) Importer(815301076,1909f56bfc062723c751e8b465ee728b)
Start importing Assets/Toon Furniture/Textures/Headboard_1_1.png using Guid(b92b16e6e1aa10341be7b1993b5b24bf) Importer(815301076,1909f56bfc062723c751e8b465ee728b)  -> (artifact id: '23ed13e32ebe07786a3f3553a8c38164') in 0.016293 seconds
Number of updated asset objects reloaded before import = 0
Number of asset objects unloaded after import = 2
========================================================================
Received Import Request.
  Time since last request: 63.688092 seconds.
  path: Assets/Toon Furniture/Textures/HousePlant_1_1.png
  artifactKey: Guid(39623965ceb147546aaa95a59aa316fe) Importer(815301076,1909f56bfc062723c751e8b465ee728b)
Start importing Assets/Toon Furniture/Textures/HousePlant_1_1.png using Guid(39623965ceb147546aaa95a59aa316fe) Importer(815301076,1909f56bfc062723c751e8b465ee728b)  -> (artifact id: '3e57ba0ba8333f7f78240a201d47764f') in 0.010719 seconds
Number of updated asset objects reloaded before import = 0
Number of asset objects unloaded after import = 2
========================================================================
Received Import Request.
  Time since last request: 15.390326 seconds.
  path: Assets/01_AssetStore/DoorPackFree/Meshes/Video intercom/Materials/01 - Default.mat
  artifactKey: Guid(05e10e9fc2baf794681aee97c2faf2fe) Importer(815301076,1909f56bfc062723c751e8b465ee728b)
Start importing Assets/01_AssetStore/DoorPackFree/Meshes/Video intercom/Materials/01 - Default.mat using Guid(05e10e9fc2baf794681aee97c2faf2fe) Importer(815301076,1909f56bfc062723c751e8b465ee728b)  -> (artifact id: 'b3513f62fa8455f7068f736ccbc74d84') in 0.007785 seconds
Number of updated asset objects reloaded before import = 0
Number of asset objects unloaded after import = 1
========================================================================
Received Import Request.
  Time since last request: 0.006843 seconds.
  path: Assets/Toon Furniture/Materials/Bed_2.mat
  artifactKey: Guid(23661dce65b8f53478b9b15db1ae1d49) Importer(815301076,1909f56bfc062723c751e8b465ee728b)
Start importing Assets/Toon Furniture/Materials/Bed_2.mat using Guid(23661dce65b8f53478b9b15db1ae1d49) Importer(815301076,1909f56bfc062723c751e8b465ee728b)  -> (artifact id: '34e573ffd97cd7ad3a0174b8bb6e74d3') in 0.013623 seconds
Number of updated asset objects reloaded before import = 0
Number of asset objects unloaded after import = 3
========================================================================
Received Import Request.
  Time since last request: 0.000012 seconds.
  path: Assets/Toon Furniture/Materials/BookCase_1.mat
  artifactKey: Guid(15faa09740202bf45a908fce8a7be3c8) Importer(815301076,1909f56bfc062723c751e8b465ee728b)
Start importing Assets/Toon Furniture/Materials/BookCase_1.mat using Guid(15faa09740202bf45a908fce8a7be3c8) Importer(815301076,1909f56bfc062723c751e8b465ee728b)  -> (artifact id: 'd3bc84d2ac165b9bd54284c2e16cb2b6') in 0.047288 seconds
Number of updated asset objects reloaded before import = 0
Number of asset objects unloaded after import = 3
========================================================================
Received Import Request.
  Time since last request: 261.530852 seconds.
  path: Assets/Bed & Bath Furniture Pack/Materials/Textures
  artifactKey: Guid(3a643b642e3c7484e8791aef241fb43d) Importer(815301076,1909f56bfc062723c751e8b465ee728b)
Start importing Assets/Bed & Bath Furniture Pack/Materials/Textures using Guid(3a643b642e3c7484e8791aef241fb43d) Importer(815301076,1909f56bfc062723c751e8b465ee728b)  -> (artifact id: '356231da03307b96e4e7e3b9af9161e8') in 0.000601 seconds
Number of updated asset objects reloaded before import = 0
Number of asset objects unloaded after import = 0
========================================================================
Received Import Request.
  Time since last request: 0.180778 seconds.
  path: Assets/Bed & Bath Furniture Pack/Materials/Textures/Bathtub_Bathtub_AlbedoTransparency.png
  artifactKey: Guid(ed2fc3213d1d19e4f80efef44bb68b6f) Importer(815301076,1909f56bfc062723c751e8b465ee728b)
Start importing Assets/Bed & Bath Furniture Pack/Materials/Textures/Bathtub_Bathtub_AlbedoTransparency.png using Guid(ed2fc3213d1d19e4f80efef44bb68b6f) Importer(815301076,1909f56bfc062723c751e8b465ee728b)  -> (artifact id: '78138c814f50a932dfff90b7fa2a8363') in 0.017186 seconds
Number of updated asset objects reloaded before import = 0
Number of asset objects unloaded after import = 2
========================================================================
Received Import Request.
  Time since last request: 0.007676 seconds.
  path: Assets/Bed & Bath Furniture Pack/Materials/Textures/Bathtub_Bathtub_Normal.png
  artifactKey: Guid(e11d23592393f8d4fae77d8c17290f61) Importer(815301076,1909f56bfc062723c751e8b465ee728b)
Start importing Assets/Bed & Bath Furniture Pack/Materials/Textures/Bathtub_Bathtub_Normal.png using Guid(e11d23592393f8d4fae77d8c17290f61) Importer(815301076,1909f56bfc062723c751e8b465ee728b)  -> (artifact id: '8ac69826470173d76236dab3608421a1') in 0.017755 seconds
Number of updated asset objects reloaded before import = 0
Number of asset objects unloaded after import = 2
========================================================================
Received Import Request.
  Time since last request: 0.006937 seconds.
  path: Assets/Bed & Bath Furniture Pack/Materials/Textures/Dresser_Drawers_AlbedoTransparency.png
  artifactKey: Guid(be4a8dcdf6b5b6e43be7faa8ce32fc4d) Importer(815301076,1909f56bfc062723c751e8b465ee728b)
Start importing Assets/Bed & Bath Furniture Pack/Materials/Textures/Dresser_Drawers_AlbedoTransparency.png using Guid(be4a8dcdf6b5b6e43be7faa8ce32fc4d) Importer(815301076,1909f56bfc062723c751e8b465ee728b)  -> (artifact id: '4dca7208a5e318ab8c24a70a864857f4') in 0.015103 seconds
Number of updated asset objects reloaded before import = 0
Number of asset objects unloaded after import = 2
========================================================================
Received Import Request.
  Time since last request: 0.000017 seconds.
  path: Assets/Bed & Bath Furniture Pack/Materials/Textures/Nightstand_Dresser_AlbedoTransparency.png
  artifactKey: Guid(3e51db223e7c404409121ba8efebaa51) Importer(815301076,1909f56bfc062723c751e8b465ee728b)
Start importing Assets/Bed & Bath Furniture Pack/Materials/Textures/Nightstand_Dresser_AlbedoTransparency.png using Guid(3e51db223e7c404409121ba8efebaa51) Importer(815301076,1909f56bfc062723c751e8b465ee728b)  -> (artifact id: '506400740b9d588c2c8ac3bf1373ef7f') in 0.012224 seconds
Number of updated asset objects reloaded before import = 0
Number of asset objects unloaded after import = 2
========================================================================
Received Import Request.
  Time since last request: 0.000013 seconds.
  path: Assets/Bed & Bath Furniture Pack/Materials/Textures/Lamp_Lamp_AlbedoTransparency.png
  artifactKey: Guid(1aadc84ffab9e434ab8eba984e8707c0) Importer(815301076,1909f56bfc062723c751e8b465ee728b)
Start importing Assets/Bed & Bath Furniture Pack/Materials/Textures/Lamp_Lamp_AlbedoTransparency.png using Guid(1aadc84ffab9e434ab8eba984e8707c0) Importer(815301076,1909f56bfc062723c751e8b465ee728b)  -> (artifact id: 'fbad659f5cb26e4d4002e7dafc0a15db') in 0.013385 seconds
Number of updated asset objects reloaded before import = 0
Number of asset objects unloaded after import = 2
========================================================================
Received Import Request.
  Time since last request: 0.000016 seconds.
  path: Assets/Bed & Bath Furniture Pack/Materials/Textures/Sink_initialShadingGroup_Normal.png
  artifactKey: Guid(f1a44cd0d8b0451428b9be35ce0f6a5d) Importer(815301076,1909f56bfc062723c751e8b465ee728b)
Start importing Assets/Bed & Bath Furniture Pack/Materials/Textures/Sink_initialShadingGroup_Normal.png using Guid(f1a44cd0d8b0451428b9be35ce0f6a5d) Importer(815301076,1909f56bfc062723c751e8b465ee728b)  -> (artifact id: '944113160445dfac81cd5bfba68238ac') in 0.015571 seconds
Number of updated asset objects reloaded before import = 0
Number of asset objects unloaded after import = 2
========================================================================
Received Import Request.
  Time since last request: 0.000013 seconds.
  path: Assets/Bed & Bath Furniture Pack/Materials/Textures/Bed_Bed_MetallicSmoothness.png
  artifactKey: Guid(024573a50bd108c4ebee965354b24334) Importer(815301076,1909f56bfc062723c751e8b465ee728b)
Start importing Assets/Bed & Bath Furniture Pack/Materials/Textures/Bed_Bed_MetallicSmoothness.png using Guid(024573a50bd108c4ebee965354b24334) Importer(815301076,1909f56bfc062723c751e8b465ee728b)  -> (artifact id: 'bfe97b23a19248ee0e6a13a0a95df9d4') in 0.018270 seconds
Number of updated asset objects reloaded before import = 0
Number of asset objects unloaded after import = 2
========================================================================
Received Import Request.
  Time since last request: 0.000012 seconds.
  path: Assets/Bed & Bath Furniture Pack/Materials/Textures/Bed_Frame_AlbedoTransparency.png
  artifactKey: Guid(2fc6a63b37436184490e4aea44c3855c) Importer(815301076,1909f56bfc062723c751e8b465ee728b)
Start importing Assets/Bed & Bath Furniture Pack/Materials/Textures/Bed_Frame_AlbedoTransparency.png using Guid(2fc6a63b37436184490e4aea44c3855c) Importer(815301076,1909f56bfc062723c751e8b465ee728b)  -> (artifact id: 'a833a5427c9af4e2896cf91a597b37b5') in 0.013982 seconds
Number of updated asset objects reloaded before import = 0
Number of asset objects unloaded after import = 2
========================================================================
Received Import Request.
  Time since last request: 0.000015 seconds.
  path: Assets/Bed & Bath Furniture Pack/Materials/Textures/Dresser_Dresser_Normal.png
  artifactKey: Guid(ee7c97a4697dd3a41ab45e2bbc8f29a9) Importer(815301076,1909f56bfc062723c751e8b465ee728b)
Start importing Assets/Bed & Bath Furniture Pack/Materials/Textures/Dresser_Dresser_Normal.png using Guid(ee7c97a4697dd3a41ab45e2bbc8f29a9) Importer(815301076,1909f56bfc062723c751e8b465ee728b)  -> (artifact id: '5ee4260492bf0978091ea01d3f46ece1') in 0.013982 seconds
Number of updated asset objects reloaded before import = 0
Number of asset objects unloaded after import = 2
========================================================================
Received Import Request.
  Time since last request: 0.000015 seconds.
  path: Assets/Bed & Bath Furniture Pack/Materials/Textures/Footstool_Footstool_Normal.png
  artifactKey: Guid(6db99443de29c3d488b9383b0a5064ba) Importer(815301076,1909f56bfc062723c751e8b465ee728b)
Start importing Assets/Bed & Bath Furniture Pack/Materials/Textures/Footstool_Footstool_Normal.png using Guid(6db99443de29c3d488b9383b0a5064ba) Importer(815301076,1909f56bfc062723c751e8b465ee728b)  -> (artifact id: '3b04c8d2e245bf85378e441def57e551') in 0.014779 seconds
Number of updated asset objects reloaded before import = 0
Number of asset objects unloaded after import = 2
========================================================================
Received Import Request.
  Time since last request: 0.000012 seconds.
  path: Assets/Bed & Bath Furniture Pack/Materials/Textures/Nightstand_Drawers_AlbedoTransparency.png
  artifactKey: Guid(4fa0220e0289ba94da3ecbe63f5e1d8d) Importer(815301076,1909f56bfc062723c751e8b465ee728b)
Start importing Assets/Bed & Bath Furniture Pack/Materials/Textures/Nightstand_Drawers_AlbedoTransparency.png using Guid(4fa0220e0289ba94da3ecbe63f5e1d8d) Importer(815301076,1909f56bfc062723c751e8b465ee728b)  -> (artifact id: '4b283ea78db1a477504bac81a23fe353') in 0.015622 seconds
Number of updated asset objects reloaded before import = 0
Number of asset objects unloaded after import = 2
========================================================================
Received Import Request.
  Time since last request: 0.000018 seconds.
  path: Assets/Bed & Bath Furniture Pack/Materials/Textures/Dresser_Dresser_AlbedoTransparency.png
  artifactKey: Guid(48f33cc82fde24e48a09b52664c75496) Importer(815301076,1909f56bfc062723c751e8b465ee728b)
Start importing Assets/Bed & Bath Furniture Pack/Materials/Textures/Dresser_Dresser_AlbedoTransparency.png using Guid(48f33cc82fde24e48a09b52664c75496) Importer(815301076,1909f56bfc062723c751e8b465ee728b)  -> (artifact id: '32c61b81d7b55bf9364fc5762d10bdfb') in 0.014591 seconds
Number of updated asset objects reloaded before import = 0
Number of asset objects unloaded after import = 2
========================================================================
Received Import Request.
  Time since last request: 0.000084 seconds.
  path: Assets/Bed & Bath Furniture Pack/Materials/Textures/Nightstand_Drawers_Normal.png
  artifactKey: Guid(c6346b849ea30b541ab3d0d851d32e14) Importer(815301076,1909f56bfc062723c751e8b465ee728b)
Start importing Assets/Bed & Bath Furniture Pack/Materials/Textures/Nightstand_Drawers_Normal.png using Guid(c6346b849ea30b541ab3d0d851d32e14) Importer(815301076,1909f56bfc062723c751e8b465ee728b)  -> (artifact id: '5b48753c89acbc355a25a3a229d8c8ea') in 0.014727 seconds
Number of updated asset objects reloaded before import = 0
Number of asset objects unloaded after import = 2
========================================================================
Received Import Request.
  Time since last request: 0.000012 seconds.
  path: Assets/Bed & Bath Furniture Pack/Materials/Textures/Nightstand_Drawers_MetallicSmoothness.png
  artifactKey: Guid(07e286671e6e4af4c9beefb118e6cd4c) Importer(815301076,1909f56bfc062723c751e8b465ee728b)
Start importing Assets/Bed & Bath Furniture Pack/Materials/Textures/Nightstand_Drawers_MetallicSmoothness.png using Guid(07e286671e6e4af4c9beefb118e6cd4c) Importer(815301076,1909f56bfc062723c751e8b465ee728b)  -> (artifact id: '56a6e494941b644ae59eb9fa235c611a') in 0.013078 seconds
Number of updated asset objects reloaded before import = 0
Number of asset objects unloaded after import = 2
========================================================================
Received Import Request.
  Time since last request: 0.000012 seconds.
  path: Assets/Bed & Bath Furniture Pack/Materials/Textures/Lamp_Lamp_MetallicSmoothness.png
  artifactKey: Guid(0381daceb64804a4b8bb7116804f3db0) Importer(815301076,1909f56bfc062723c751e8b465ee728b)
Start importing Assets/Bed & Bath Furniture Pack/Materials/Textures/Lamp_Lamp_MetallicSmoothness.png using Guid(0381daceb64804a4b8bb7116804f3db0) Importer(815301076,1909f56bfc062723c751e8b465ee728b)  -> (artifact id: 'b0d6b1c4fba1c4698c927165081a1d35') in 0.017982 seconds
Number of updated asset objects reloaded before import = 0
Number of asset objects unloaded after import = 2
========================================================================
Received Import Request.
  Time since last request: 0.000012 seconds.
  path: Assets/Bed & Bath Furniture Pack/Materials/Textures/Dresser_Dresser_MetallicSmoothness.png
  artifactKey: Guid(4adeb6cb264067a4c8ed37083715a715) Importer(815301076,1909f56bfc062723c751e8b465ee728b)
Start importing Assets/Bed & Bath Furniture Pack/Materials/Textures/Dresser_Dresser_MetallicSmoothness.png using Guid(4adeb6cb264067a4c8ed37083715a715) Importer(815301076,1909f56bfc062723c751e8b465ee728b)  -> (artifact id: 'c95934f675f8ca3172188362af8c0648') in 0.018777 seconds
Number of updated asset objects reloaded before import = 0
Number of asset objects unloaded after import = 2
========================================================================
Received Import Request.
  Time since last request: 0.000023 seconds.
  path: Assets/Bed & Bath Furniture Pack/Materials/Textures/Toilet_Toilet_MetallicSmoothness.png
  artifactKey: Guid(d53fa5d0926f1b747b0e485fffc95565) Importer(815301076,1909f56bfc062723c751e8b465ee728b)
Start importing Assets/Bed & Bath Furniture Pack/Materials/Textures/Toilet_Toilet_MetallicSmoothness.png using Guid(d53fa5d0926f1b747b0e485fffc95565) Importer(815301076,1909f56bfc062723c751e8b465ee728b)  -> (artifact id: 'bca277c91ca90aac44225e32fd886292') in 0.014834 seconds
Number of updated asset objects reloaded before import = 0
Number of asset objects unloaded after import = 2
========================================================================
Received Import Request.
  Time since last request: 0.000012 seconds.
  path: Assets/Bed & Bath Furniture Pack/Materials/Textures/Toilet_Toilet_Normal.png
  artifactKey: Guid(e745e7a4f1b9a9e41b76fa1d25667156) Importer(815301076,1909f56bfc062723c751e8b465ee728b)
Start importing Assets/Bed & Bath Furniture Pack/Materials/Textures/Toilet_Toilet_Normal.png using Guid(e745e7a4f1b9a9e41b76fa1d25667156) Importer(815301076,1909f56bfc062723c751e8b465ee728b)  -> (artifact id: '3be2f654bad48f65d5c74433af28c772') in 0.016177 seconds
Number of updated asset objects reloaded before import = 0
Number of asset objects unloaded after import = 2
========================================================================
Received Import Request.
  Time since last request: 44.384307 seconds.
  path: Assets/Fantasy Forest Environment Free Sample/Textures
  artifactKey: Guid(9fcce063c50b58049b8c0bb17dc31ac4) Importer(815301076,1909f56bfc062723c751e8b465ee728b)
Start importing Assets/Fantasy Forest Environment Free Sample/Textures using Guid(9fcce063c50b58049b8c0bb17dc31ac4) Importer(815301076,1909f56bfc062723c751e8b465ee728b)  -> (artifact id: 'a052c2ee6f8cf84e5eb3cd4adab1c3bb') in 0.000636 seconds
Number of updated asset objects reloaded before import = 0
Number of asset objects unloaded after import = 0
========================================================================
Received Import Request.
  Time since last request: 15.061588 seconds.
  path: Assets/Fantasy Forest Environment Free Sample/Meshes/Prefabs
  artifactKey: Guid(9c7916be32b4831459e123e056137170) Importer(815301076,1909f56bfc062723c751e8b465ee728b)
Start importing Assets/Fantasy Forest Environment Free Sample/Meshes/Prefabs using Guid(9c7916be32b4831459e123e056137170) Importer(815301076,1909f56bfc062723c751e8b465ee728b)  -> (artifact id: '693d409db3c06d024135a29835bab320') in 0.000553 seconds
Number of updated asset objects reloaded before import = 0
Number of asset objects unloaded after import = 0
========================================================================
Received Import Request.
  Time since last request: 9.543915 seconds.
  path: Assets/Toon Furniture/Materials
  artifactKey: Guid(ef510bab2bfec554b815c22982e8aeec) Importer(815301076,1909f56bfc062723c751e8b465ee728b)
Start importing Assets/Toon Furniture/Materials using Guid(ef510bab2bfec554b815c22982e8aeec) Importer(815301076,1909f56bfc062723c751e8b465ee728b)  -> (artifact id: '5f3dca330e1106b6b921959855245224') in 0.000493 seconds
Number of updated asset objects reloaded before import = 0
Number of asset objects unloaded after import = 0
========================================================================
Received Import Request.
  Time since last request: 65.364500 seconds.
  path: Assets/Toon Furniture/Textures/Couch_2.png
  artifactKey: Guid(f3b1f4df614cc4940ac12b00ba9275a1) Importer(815301076,1909f56bfc062723c751e8b465ee728b)
Start importing Assets/Toon Furniture/Textures/Couch_2.png using Guid(f3b1f4df614cc4940ac12b00ba9275a1) Importer(815301076,1909f56bfc062723c751e8b465ee728b)  -> (artifact id: '62f7296f91cbac6bbe377b66b1c4ebf9') in 0.017764 seconds
Number of updated asset objects reloaded before import = 0
Number of asset objects unloaded after import = 2
========================================================================
Received Import Request.
  Time since last request: 4.595582 seconds.
  path: Assets/Toon Furniture/Textures/Pillows_1_1.png
  artifactKey: Guid(d6bc1032050d2564d84b5fb22057d59f) Importer(815301076,1909f56bfc062723c751e8b465ee728b)
Start importing Assets/Toon Furniture/Textures/Pillows_1_1.png using Guid(d6bc1032050d2564d84b5fb22057d59f) Importer(815301076,1909f56bfc062723c751e8b465ee728b)  -> (artifact id: '96e95e7ce4e0bc90e18b5dc87d8b664f') in 0.036233 seconds
Number of updated asset objects reloaded before import = 0
Number of asset objects unloaded after import = 2
========================================================================
Received Import Request.
  Time since last request: 567.888271 seconds.
  path: Assets/Toon Furniture/Textures/Ball_1_1.png
  artifactKey: Guid(61a99ec772aa0a64da133714cf2d27d5) Importer(815301076,1909f56bfc062723c751e8b465ee728b)
Start importing Assets/Toon Furniture/Textures/Ball_1_1.png using Guid(61a99ec772aa0a64da133714cf2d27d5) Importer(815301076,1909f56bfc062723c751e8b465ee728b)  -> (artifact id: '388efc268ff18ed89111ce7bf320e530') in 0.019546 seconds
Number of updated asset objects reloaded before import = 0
Number of asset objects unloaded after import = 2
========================================================================
Received Import Request.
  Time since last request: 420.611397 seconds.
  path: Assets/01_AssetStore/DoorPackFree
  artifactKey: Guid(7bae4004346ca0b4d9e3dd8c136b7a49) Importer(815301076,1909f56bfc062723c751e8b465ee728b)
Start importing Assets/01_AssetStore/DoorPackFree using Guid(7bae4004346ca0b4d9e3dd8c136b7a49) Importer(815301076,1909f56bfc062723c751e8b465ee728b)  -> (artifact id: '824a9210a3bfd0216c5b473dfb6e0e9b') in 0.000605 seconds
Number of updated asset objects reloaded before import = 0
Number of asset objects unloaded after import = 0
========================================================================
Received Import Request.
  Time since last request: 29.513257 seconds.
  path: Assets/01_AssetStore/DoorPackFree/Prefab
  artifactKey: Guid(8b421e942b4b4274cbb9a18cf17aa6c6) Importer(815301076,1909f56bfc062723c751e8b465ee728b)
Start importing Assets/01_AssetStore/DoorPackFree/Prefab using Guid(8b421e942b4b4274cbb9a18cf17aa6c6) Importer(815301076,1909f56bfc062723c751e8b465ee728b)  -> (artifact id: '78330041111167aea07f396d92f2643b') in 0.000451 seconds
Number of updated asset objects reloaded before import = 0
Number of asset objects unloaded after import = 0
========================================================================
Received Import Request.
  Time since last request: 0.288446 seconds.
  path: Assets/01_AssetStore/DoorPackFree/Prefab/Video intercomV2.prefab
  artifactKey: Guid(f742591dd0579d348b57910f6cb34ed2) Importer(815301076,1909f56bfc062723c751e8b465ee728b)
Start importing Assets/01_AssetStore/DoorPackFree/Prefab/Video intercomV2.prefab using Guid(f742591dd0579d348b57910f6cb34ed2) Importer(815301076,1909f56bfc062723c751e8b465ee728b)  -> (artifact id: 'ffb993df0ffcb0b1e1e177745c18fdad') in 0.015980 seconds
Number of updated asset objects reloaded before import = 0
Number of asset objects unloaded after import = 14
========================================================================
Received Import Request.
  Time since last request: 7.566116 seconds.
  path: Assets/01_AssetStore/DoorPackFree/Meshes/Door001
  artifactKey: Guid(a7864a75bae0b2a4d9ab6db73266bb73) Importer(815301076,1909f56bfc062723c751e8b465ee728b)
Start importing Assets/01_AssetStore/DoorPackFree/Meshes/Door001 using Guid(a7864a75bae0b2a4d9ab6db73266bb73) Importer(815301076,1909f56bfc062723c751e8b465ee728b)  -> (artifact id: '844f7fa6d104b5b465cd237b697ab586') in 0.000583 seconds
Number of updated asset objects reloaded before import = 0
Number of asset objects unloaded after import = 0
========================================================================
Received Import Request.
  Time since last request: 1.343125 seconds.
  path: Assets/01_AssetStore/DoorPackFree/Meshes/Door001/Materials
  artifactKey: Guid(950e06bd76c41c146acf29dd9aae8f04) Importer(815301076,1909f56bfc062723c751e8b465ee728b)
Start importing Assets/01_AssetStore/DoorPackFree/Meshes/Door001/Materials using Guid(950e06bd76c41c146acf29dd9aae8f04) Importer(815301076,1909f56bfc062723c751e8b465ee728b)  -> (artifact id: 'ff7992f2b0f1c12618f6a36a4a4d1fae') in 0.000463 seconds
Number of updated asset objects reloaded before import = 0
Number of asset objects unloaded after import = 0
========================================================================
Received Prepare
Begin MonoManager ReloadAssembly
Symbol file LoadedFromMemory doesn't match image C:\Users\castl\Downloads\新しいフォルダー\Library\PackageCache\com.unity.visualscripting@1.8.0\Editor\VisualScripting.Core\Dependencies\YamlDotNet\Unity.VisualScripting.YamlDotNet.dll
Symbol file LoadedFromMemory doesn't match image C:\Users\castl\Downloads\新しいフォルダー\Library\PackageCache\com.unity.visualscripting@1.8.0\Editor\VisualScripting.Core\Dependencies\DotNetZip\Unity.VisualScripting.IonicZip.dll
- Loaded All Assemblies, in  0.526 seconds
Refreshing native plugins compatible for Editor in 3.91 ms, found 3 plugins.
Native extension for WindowsStandalone target not found
Mono: successfully reloaded assembly
- Finished resetting the current domain, in  0.689 seconds
Domain Reload Profiling: 1211ms
	BeginReloadAssembly (118ms)
		ExecutionOrderSort (0ms)
		DisableScriptedObjects (4ms)
		BackupInstance (0ms)
		ReleaseScriptingObjects (0ms)
		CreateAndSetChildDomain (31ms)
	RebuildCommonClasses (24ms)
	RebuildNativeTypeToScriptingClass (9ms)
	initialDomainReloadingComplete (28ms)
	LoadAllAssembliesAndSetupDomain (343ms)
		LoadAssemblies (207ms)
		RebuildTransferFunctionScriptingTraits (0ms)
		AnalyzeDomain (183ms)
			TypeCache.Refresh (180ms)
				TypeCache.ScanAssembly (171ms)
			ScanForSourceGeneratedMonoScriptInfo (0ms)
			ResolveRequiredComponents (3ms)
	FinalizeReload (689ms)
		ReleaseScriptCaches (0ms)
		RebuildScriptCaches (0ms)
		SetupLoadedEditorAssemblies (251ms)
			LogAssemblyErrors (0ms)
			InitializePlatformSupportModulesInManaged (5ms)
			SetLoadedEditorAssemblies (4ms)
			RefreshPlugins (0ms)
			BeforeProcessingInitializeOnLoad (52ms)
			ProcessInitializeOnLoadAttributes (168ms)
			ProcessInitializeOnLoadMethodAttributes (14ms)
			AfterProcessingInitializeOnLoad (9ms)
			EditorAssembliesLoaded (0ms)
		ExecutionOrderSort2 (0ms)
		AwakeInstancesAfterBackupRestoration (5ms)
Refreshing native plugins compatible for Editor in 6.09 ms, found 3 plugins.
Preloading 0 native plugins for Editor in 0.00 ms.
Unloading 3061 Unused Serialized files (Serialized files now loaded: 0)
Unloading 22 unused Assets / (30.5 KB). Loaded Objects now: 3605.
Memory consumption went from 131.5 MB to 131.5 MB.
Total: 2.408600 ms (FindLiveObjects: 0.265500 ms CreateObjectMapping: 0.083800 ms MarkObjects: 2.020200 ms  DeleteObjects: 0.038600 ms)

Prepare: number of updated asset objects reloaded= 0
AssetImportParameters requested are different than current active one (requested -> active):
  custom:container-demuxer-ogg: 62fdf1f143b41e24485cea50d1cbac27 -> 
  custom:video-codec-MediaFoundation-h265: 746d11721c4dcdbdad8f713fa42b33f4 -> 
  custom:video-decoder-ogg-theora: a1e56fd34408186e4bbccfd4996cb3dc -> 
  custom:framework-win-MediaFoundation: 216162199b28c13a410421893ffa2e32 -> 
  custom:CustomObjectIndexerAttribute: 756ad292c208cfabdd7b50bc23989ffe -> 
  custom:container-demuxer-webm: 4f35f7cbe854078d1ac9338744f61a02 -> 
  custom:container-muxer-webm: aa71ff27fc2769a1b78a27578f13a17b -> 
  custom:video-decoder-webm-vp8: 9c59270c3fd7afecdb556c50c9e8de78 -> 
  custom:AudioImporter_EditorPlatform: d09bf68614088b80899f8185d706f6e7 -> 
  custom:video-encoder-webm-vp8: eb34c28f22e8b96e1ab97ce403110664 -> 
  custom:audio-decoder-ogg-vorbis: bf7c407c2cedff20999df2af8eb42d56 -> 
  custom:audio-encoder-webm-vorbis: bf7c407c2cedff20999df2af8eb42d56 -> 
