Using pre-set license
Built from '2022.3/release' branch; Version is '2022.3.5f1 (9674261d40ee) revision 9860134'; Using compiler version '192829333'; Build Type 'Release'
OS: 'Windows 11  (10.0.22621) 64bit Core' Language: 'ja' Physical Memory: 16312 MB
BatchMode: 1, IsHumanControllingUs: 0, StartBugReporterOnCrash: 0, Is64bit: 1, IsPro: 1

COMMAND LINE ARGUMENTS:
C:\Program Files\Unity\Hub\Editor\2022.3.5f1\Editor\Unity.exe
-adb2
-batchMode
-noUpm
-name
AssetImportWorker5
-projectPath
C:/Users/castl/OneDrive/ãƒ‰ã‚­ãƒ¥ãƒ¡ãƒ³ãƒˆ/daruma local
-logFile
Logs/AssetImportWorker5.log
-srvPort
51250
Successfully changed project path to: C:/Users/castl/OneDrive/ãƒ‰ã‚­ãƒ¥ãƒ¡ãƒ³ãƒˆ/daruma local
C:/Users/castl/OneDrive/ãƒ‰ã‚­ãƒ¥ãƒ¡ãƒ³ãƒˆ/daruma local
[UnityMemory] Configuration Parameters - Can be set up in boot.config
    "memorysetup-bucket-allocator-granularity=16"
    "memorysetup-bucket-allocator-bucket-count=8"
    "memorysetup-bucket-allocator-block-size=33554432"
    "memorysetup-bucket-allocator-block-count=8"
    "memorysetup-main-allocator-block-size=16777216"
    "memorysetup-thread-allocator-block-size=16777216"
    "memorysetup-gfx-main-allocator-block-size=16777216"
    "memorysetup-gfx-thread-allocator-block-size=16777216"
    "memorysetup-cache-allocator-block-size=4194304"
    "memorysetup-typetree-allocator-block-size=2097152"
    "memorysetup-profiler-bucket-allocator-granularity=16"
    "memorysetup-profiler-bucket-allocator-bucket-count=8"
    "memorysetup-profiler-bucket-allocator-block-size=33554432"
    "memorysetup-profiler-bucket-allocator-block-count=8"
    "memorysetup-profiler-allocator-block-size=16777216"
    "memorysetup-profiler-editor-allocator-block-size=1048576"
    "memorysetup-temp-allocator-size-main=16777216"
    "memorysetup-job-temp-allocator-block-size=2097152"
    "memorysetup-job-temp-allocator-block-size-background=1048576"
    "memorysetup-job-temp-allocator-reduction-small-platforms=262144"
    "memorysetup-allocator-temp-initial-block-size-main=262144"
    "memorysetup-allocator-temp-initial-block-size-worker=262144"
    "memorysetup-temp-allocator-size-background-worker=32768"
    "memorysetup-temp-allocator-size-job-worker=262144"
    "memorysetup-temp-allocator-size-preload-manager=33554432"
    "memorysetup-temp-allocator-size-nav-mesh-worker=65536"
    "memorysetup-temp-allocator-size-audio-worker=65536"
    "memorysetup-temp-allocator-size-cloud-worker=32768"
    "memorysetup-temp-allocator-size-gi-baking-worker=262144"
    "memorysetup-temp-allocator-size-gfx=262144"
Player connection [11936] Host "[IP] 192.168.0.10 [Port] 0 [Flags] 2 [Guid] 699436011 [EditorId] 699436011 [Version] 1048832 [Id] WindowsEditor(7,delta) [Debug] 1 [PackageName] WindowsEditor [ProjectName] Editor" joined multi-casting on [225.0.0.222:54997]...

Player connection [11936] Host "[IP] 192.168.0.10 [Port] 0 [Flags] 2 [Guid] 699436011 [EditorId] 699436011 [Version] 1048832 [Id] WindowsEditor(7,delta) [Debug] 1 [PackageName] WindowsEditor [ProjectName] Editor" joined alternative multi-casting on [225.0.0.222:34997]...

Refreshing native plugins compatible for Editor in 10.51 ms, found 3 plugins.
Preloading 0 native plugins for Editor in 0.00 ms.
Initialize engine version: 2022.3.5f1 (9674261d40ee)
[Subsystems] Discovering subsystems at path C:/Program Files/Unity/Hub/Editor/2022.3.5f1/Editor/Data/Resources/UnitySubsystems
[Subsystems] Discovering subsystems at path C:/Users/castl/OneDrive/ãƒ‰ã‚­ãƒ¥ãƒ¡ãƒ³ãƒˆ/daruma local/Assets
GfxDevice: creating device client; threaded=0; jobified=0
Direct3D:
    Version:  Direct3D 11.0 [level 11.1]
    Renderer: NVIDIA GeForce RTX 4060 (ID=0x2882)
    Vendor:   NVIDIA
    VRAM:     7971 MB
    Driver:   31.0.15.3667
Initialize mono
Mono path[0] = 'C:/Program Files/Unity/Hub/Editor/2022.3.5f1/Editor/Data/Managed'
Mono path[1] = 'C:/Program Files/Unity/Hub/Editor/2022.3.5f1/Editor/Data/MonoBleedingEdge/lib/mono/unityjit-win32'
Mono config path = 'C:/Program Files/Unity/Hub/Editor/2022.3.5f1/Editor/Data/MonoBleedingEdge/etc'
Using monoOptions --debugger-agent=transport=dt_socket,embedding=1,server=y,suspend=n,address=127.0.0.1:56448
Begin MonoManager ReloadAssembly
Registering precompiled unity dll's ...
Register platform support module: C:/Program Files/Unity/Hub/Editor/2022.3.5f1/Editor/Data/PlaybackEngines/WindowsStandaloneSupport/UnityEditor.WindowsStandalone.Extensions.dll
Registered in 0.010308 seconds.
- Loaded All Assemblies, in  0.450 seconds
Native extension for WindowsStandalone target not found
Mono: successfully reloaded assembly
- Finished resetting the current domain, in  0.250 seconds
Domain Reload Profiling: 698ms
	BeginReloadAssembly (126ms)
		ExecutionOrderSort (0ms)
		DisableScriptedObjects (0ms)
		BackupInstance (0ms)
		ReleaseScriptingObjects (0ms)
		CreateAndSetChildDomain (1ms)
	RebuildCommonClasses (48ms)
	RebuildNativeTypeToScriptingClass (10ms)
	initialDomainReloadingComplete (71ms)
	LoadAllAssembliesAndSetupDomain (192ms)
		LoadAssemblies (120ms)
		RebuildTransferFunctionScriptingTraits (0ms)
		AnalyzeDomain (181ms)
			TypeCache.Refresh (180ms)
				TypeCache.ScanAssembly (161ms)
			ScanForSourceGeneratedMonoScriptInfo (1ms)
			ResolveRequiredComponents (1ms)
	FinalizeReload (251ms)
		ReleaseScriptCaches (0ms)
		RebuildScriptCaches (0ms)
		SetupLoadedEditorAssemblies (195ms)
			LogAssemblyErrors (0ms)
			InitializePlatformSupportModulesInManaged (10ms)
			SetLoadedEditorAssemblies (9ms)
			RefreshPlugins (0ms)
			BeforeProcessingInitializeOnLoad (2ms)
			ProcessInitializeOnLoadAttributes (128ms)
			ProcessInitializeOnLoadMethodAttributes (46ms)
			AfterProcessingInitializeOnLoad (0ms)
			EditorAssembliesLoaded (0ms)
		ExecutionOrderSort2 (0ms)
		AwakeInstancesAfterBackupRestoration (0ms)
========================================================================
Worker process is ready to serve import requests
Begin MonoManager ReloadAssembly
Symbol file LoadedFromMemory doesn't match image C:\Users\castl\OneDrive\ãƒ‰ã‚­ãƒ¥ãƒ¡ãƒ³ãƒˆ\daruma local\Library\PackageCache\com.unity.visualscripting@1.8.0\Editor\VisualScripting.Core\Dependencies\YamlDotNet\Unity.VisualScripting.YamlDotNet.dll
Symbol file LoadedFromMemory doesn't match image C:\Users\castl\OneDrive\ãƒ‰ã‚­ãƒ¥ãƒ¡ãƒ³ãƒˆ\daruma local\Library\PackageCache\com.unity.visualscripting@1.8.0\Editor\VisualScripting.Core\Dependencies\DotNetZip\Unity.VisualScripting.IonicZip.dll
- Loaded All Assemblies, in  0.828 seconds
Refreshing native plugins compatible for Editor in 4.72 ms, found 3 plugins.
Native extension for WindowsStandalone target not found
Mono: successfully reloaded assembly
- Finished resetting the current domain, in  0.456 seconds
Domain Reload Profiling: 1278ms
	BeginReloadAssembly (119ms)
		ExecutionOrderSort (0ms)
		DisableScriptedObjects (5ms)
		BackupInstance (0ms)
		ReleaseScriptingObjects (0ms)
		CreateAndSetChildDomain (22ms)
	RebuildCommonClasses (27ms)
	RebuildNativeTypeToScriptingClass (10ms)
	initialDomainReloadingComplete (38ms)
	LoadAllAssembliesAndSetupDomain (628ms)
		LoadAssemblies (285ms)
		RebuildTransferFunctionScriptingTraits (0ms)
		AnalyzeDomain (399ms)
			TypeCache.Refresh (379ms)
				TypeCache.ScanAssembly (366ms)
			ScanForSourceGeneratedMonoScriptInfo (17ms)
			ResolveRequiredComponents (3ms)
	FinalizeReload (456ms)
		ReleaseScriptCaches (0ms)
		RebuildScriptCaches (0ms)
		SetupLoadedEditorAssemblies (320ms)
			LogAssemblyErrors (0ms)
			InitializePlatformSupportModulesInManaged (6ms)
			SetLoadedEditorAssemblies (3ms)
			RefreshPlugins (0ms)
			BeforeProcessingInitializeOnLoad (59ms)
			ProcessInitializeOnLoadAttributes (223ms)
			ProcessInitializeOnLoadMethodAttributes (18ms)
			AfterProcessingInitializeOnLoad (11ms)
			EditorAssembliesLoaded (0ms)
		ExecutionOrderSort2 (0ms)
		AwakeInstancesAfterBackupRestoration (6ms)
Launched and connected shader compiler UnityShaderCompiler.exe after 0.08 seconds
Refreshing native plugins compatible for Editor in 7.75 ms, found 3 plugins.
Preloading 0 native plugins for Editor in 0.00 ms.
Unloading 3068 Unused Serialized files (Serialized files now loaded: 0)
Unloading 31 unused Assets / (56.5 KB). Loaded Objects now: 3537.
Memory consumption went from 117.5 MB to 117.4 MB.
Total: 3.254800 ms (FindLiveObjects: 0.418000 ms CreateObjectMapping: 0.236400 ms MarkObjects: 2.504800 ms  DeleteObjects: 0.094900 ms)

AssetImportParameters requested are different than current active one (requested -> active):
  custom:container-demuxer-ogg: 62fdf1f143b41e24485cea50d1cbac27 -> 
  custom:video-codec-MediaFoundation-h265: 746d11721c4dcdbdad8f713fa42b33f4 -> 
  custom:video-decoder-ogg-theora: a1e56fd34408186e4bbccfd4996cb3dc -> 
  custom:framework-win-MediaFoundation: 216162199b28c13a410421893ffa2e32 -> 
  custom:CustomObjectIndexerAttribute: 756ad292c208cfabdd7b50bc23989ffe -> 
  custom:container-demuxer-webm: 4f35f7cbe854078d1ac9338744f61a02 -> 
  custom:container-muxer-webm: aa71ff27fc2769a1b78a27578f13a17b -> 
  custom:video-decoder-webm-vp8: 9c59270c3fd7afecdb556c50c9e8de78 -> 
  custom:AudioImporter_EditorPlatform: d09bf68614088b80899f8185d706f6e7 -> 
  custom:video-encoder-webm-vp8: eb34c28f22e8b96e1ab97ce403110664 -> 
  custom:audio-decoder-ogg-vorbis: bf7c407c2cedff20999df2af8eb42d56 -> 
  custom:audio-encoder-webm-vorbis: bf7c407c2cedff20999df2af8eb42d56 -> 
========================================================================
Received Import Request.
  Time since last request: 67628.905823 seconds.
  path: Assets/Bed & Bath Furniture Pack/Models/Nightstand.obj
  artifactKey: Guid(077f3a1b797557c4daf66283203818fb) Importer(815301076,1909f56bfc062723c751e8b465ee728b)
Start importing Assets/Bed & Bath Furniture Pack/Models/Nightstand.obj using Guid(077f3a1b797557c4daf66283203818fb) Importer(815301076,1909f56bfc062723c751e8b465ee728b)  -> (artifact id: '43cb26ecb2cbe68ebbdca24ebe6ad57f') in 0.169807 seconds
Number of updated asset objects reloaded before import = 0
Number of asset objects unloaded after import = 22
========================================================================
Received Import Request.
  Time since last request: 169.810355 seconds.
  path: Assets/Toon Furniture/Models/BookCase_1.fbx
  artifactKey: Guid(0989d878ef2d74c44b4c7ac19551ff67) Importer(815301076,1909f56bfc062723c751e8b465ee728b)
Start importing Assets/Toon Furniture/Models/BookCase_1.fbx using Guid(0989d878ef2d74c44b4c7ac19551ff67) Importer(815301076,1909f56bfc062723c751e8b465ee728b)  -> (artifact id: 'b8a9673a2fcf73825803e1b11a2a51c8') in 0.020414 seconds
Number of updated asset objects reloaded before import = 0
Number of asset objects unloaded after import = 14
========================================================================
Received Import Request.
  Time since last request: 0.005219 seconds.
  path: Assets/Toon Furniture/Models/BookCase_2.fbx
  artifactKey: Guid(aa588f75104cb8042acf31263cd73619) Importer(815301076,1909f56bfc062723c751e8b465ee728b)
Start importing Assets/Toon Furniture/Models/BookCase_2.fbx using Guid(aa588f75104cb8042acf31263cd73619) Importer(815301076,1909f56bfc062723c751e8b465ee728b)  -> (artifact id: '5fa39219ee69a85b50792ee2b7b34c9e') in 0.016649 seconds
Number of updated asset objects reloaded before import = 0
Number of asset objects unloaded after import = 14
========================================================================
Received Import Request.
  Time since last request: 0.011704 seconds.
  path: Assets/Toon Furniture/Models/Chair_6.fbx
  artifactKey: Guid(b2f590637bb1b5044877c0b3e9db9094) Importer(815301076,1909f56bfc062723c751e8b465ee728b)
Start importing Assets/Toon Furniture/Models/Chair_6.fbx using Guid(b2f590637bb1b5044877c0b3e9db9094) Importer(815301076,1909f56bfc062723c751e8b465ee728b)  -> (artifact id: '9d6148dd5e952ce2f4b225a309d83358') in 0.020740 seconds
Number of updated asset objects reloaded before import = 0
Number of asset objects unloaded after import = 14
========================================================================
Received Import Request.
  Time since last request: 0.000013 seconds.
  path: Assets/Toon Furniture/Models/Kitchen_Cabinet_1.fbx
  artifactKey: Guid(4a357a7f02c7c8b468d4d038e61ecd7f) Importer(815301076,1909f56bfc062723c751e8b465ee728b)
Start importing Assets/Toon Furniture/Models/Kitchen_Cabinet_1.fbx using Guid(4a357a7f02c7c8b468d4d038e61ecd7f) Importer(815301076,1909f56bfc062723c751e8b465ee728b)  -> (artifact id: 'a6ce8907f91a562ba9302d0df4af68b4') in 0.038753 seconds
Number of updated asset objects reloaded before import = 0
Number of asset objects unloaded after import = 25
========================================================================
Received Import Request.
  Time since last request: 0.000013 seconds.
  path: Assets/Toon Furniture/Models/Vase_1.fbx
  artifactKey: Guid(bd09b17863ebbf74c82083bf72572ff1) Importer(815301076,1909f56bfc062723c751e8b465ee728b)
Start importing Assets/Toon Furniture/Models/Vase_1.fbx using Guid(bd09b17863ebbf74c82083bf72572ff1) Importer(815301076,1909f56bfc062723c751e8b465ee728b)  -> (artifact id: 'd5efcda13cbd46aeae448740d5b760c9') in 0.029942 seconds
Number of updated asset objects reloaded before import = 0
Number of asset objects unloaded after import = 22
========================================================================
Received Import Request.
  Time since last request: 0.000017 seconds.
  path: Assets/Toon Furniture/Models/Vase_2.fbx
  artifactKey: Guid(b03d5f3f2eca98d48b2313818063bfc0) Importer(815301076,1909f56bfc062723c751e8b465ee728b)
Start importing Assets/Toon Furniture/Models/Vase_2.fbx using Guid(b03d5f3f2eca98d48b2313818063bfc0) Importer(815301076,1909f56bfc062723c751e8b465ee728b)  -> (artifact id: '4863ab57cb19db53aaa840eba68c3274') in 0.040646 seconds
Number of updated asset objects reloaded before import = 0
Number of asset objects unloaded after import = 31
========================================================================
Received Import Request.
  Time since last request: 0.000023 seconds.
  path: Assets/Toon Furniture/Models/Counter_1.fbx
  artifactKey: Guid(aaeedb2a45100ea4091935025fdd110d) Importer(815301076,1909f56bfc062723c751e8b465ee728b)
Start importing Assets/Toon Furniture/Models/Counter_1.fbx using Guid(aaeedb2a45100ea4091935025fdd110d) Importer(815301076,1909f56bfc062723c751e8b465ee728b)  -> (artifact id: '6dc7cb5bf53906f685941b9358b0e68e') in 0.024122 seconds
Number of updated asset objects reloaded before import = 0
Number of asset objects unloaded after import = 14
========================================================================
Received Import Request.
  Time since last request: 0.000021 seconds.
  path: Assets/Toon Furniture/Models/Coffee_Table_1.fbx
  artifactKey: Guid(844fae422a50aab4f9e8d285bad1c241) Importer(815301076,1909f56bfc062723c751e8b465ee728b)
Start importing Assets/Toon Furniture/Models/Coffee_Table_1.fbx using Guid(844fae422a50aab4f9e8d285bad1c241) Importer(815301076,1909f56bfc062723c751e8b465ee728b)  -> (artifact id: 'dd4cff02c3e443d8187d933d471d01d9') in 0.026171 seconds
Number of updated asset objects reloaded before import = 0
Number of asset objects unloaded after import = 19
========================================================================
Received Import Request.
  Time since last request: 0.000012 seconds.
  path: Assets/Toon Furniture/Models/Refrigerator.fbx
  artifactKey: Guid(30ea37132d76e624eacbf2b75cb5f50a) Importer(815301076,1909f56bfc062723c751e8b465ee728b)
Start importing Assets/Toon Furniture/Models/Refrigerator.fbx using Guid(30ea37132d76e624eacbf2b75cb5f50a) Importer(815301076,1909f56bfc062723c751e8b465ee728b)  -> (artifact id: '631425ff29eeec3cdf22a330fd817d63') in 0.017679 seconds
Number of updated asset objects reloaded before import = 0
Number of asset objects unloaded after import = 14
========================================================================
Received Import Request.
  Time since last request: 0.000016 seconds.
  path: Assets/Toon Furniture/Models/Decoration_Books_1_1.fbx
  artifactKey: Guid(e287253ea90ccd04fb310bdbe13c1550) Importer(815301076,1909f56bfc062723c751e8b465ee728b)
Start importing Assets/Toon Furniture/Models/Decoration_Books_1_1.fbx using Guid(e287253ea90ccd04fb310bdbe13c1550) Importer(815301076,1909f56bfc062723c751e8b465ee728b)  -> (artifact id: '6b251aa0e93c9d20591a911b074f48e3') in 0.017420 seconds
Number of updated asset objects reloaded before import = 0
Number of asset objects unloaded after import = 14
========================================================================
Received Import Request.
  Time since last request: 0.000014 seconds.
  path: Assets/Toon Furniture/Models/Pillows_1.fbx
  artifactKey: Guid(bc7c26d9e5732fb4e9694d56f647dd27) Importer(815301076,1909f56bfc062723c751e8b465ee728b)
Start importing Assets/Toon Furniture/Models/Pillows_1.fbx using Guid(bc7c26d9e5732fb4e9694d56f647dd27) Importer(815301076,1909f56bfc062723c751e8b465ee728b)  -> (artifact id: '5f7f536c76f23e1735fcf0ad0c9b7ec2') in 0.022431 seconds
Number of updated asset objects reloaded before import = 0
Number of asset objects unloaded after import = 19
========================================================================
Received Import Request.
  Time since last request: 0.000012 seconds.
  path: Assets/Toon Furniture/Models/Refrigerator_2.fbx
  artifactKey: Guid(fd86dd3bb815de54fb8f5d719048bc69) Importer(815301076,1909f56bfc062723c751e8b465ee728b)
Start importing Assets/Toon Furniture/Models/Refrigerator_2.fbx using Guid(fd86dd3bb815de54fb8f5d719048bc69) Importer(815301076,1909f56bfc062723c751e8b465ee728b)  -> (artifact id: 'd9bef18808d2c9405f508cece5d9e64e') in 0.017952 seconds
Number of updated asset objects reloaded before import = 0
Number of asset objects unloaded after import = 18
========================================================================
Received Import Request.
  Time since last request: 0.000011 seconds.
  path: Assets/Toon Furniture/Models/Single_Bed_1.fbx
  artifactKey: Guid(bcca84a2658e08241be17e9ed78e7453) Importer(815301076,1909f56bfc062723c751e8b465ee728b)
Start importing Assets/Toon Furniture/Models/Single_Bed_1.fbx using Guid(bcca84a2658e08241be17e9ed78e7453) Importer(815301076,1909f56bfc062723c751e8b465ee728b)  -> (artifact id: 'f34d5ffdb527e1a123a36a89df86b96d') in 0.041176 seconds
Number of updated asset objects reloaded before import = 0
Number of asset objects unloaded after import = 27
========================================================================
Received Import Request.
  Time since last request: 0.000018 seconds.
  path: Assets/Toon Furniture/Models/Chair_7.fbx
  artifactKey: Guid(e26192968d537f143a47e72dfefb548f) Importer(815301076,1909f56bfc062723c751e8b465ee728b)
Start importing Assets/Toon Furniture/Models/Chair_7.fbx using Guid(e26192968d537f143a47e72dfefb548f) Importer(815301076,1909f56bfc062723c751e8b465ee728b)  -> (artifact id: '4679edd8bfa283128aa5b057f1ef2542') in 0.025309 seconds
Number of updated asset objects reloaded before import = 0
Number of asset objects unloaded after import = 16
========================================================================
Received Import Request.
  Time since last request: 0.000021 seconds.
  path: Assets/Toon Furniture/Models/Counter_2_1.fbx
  artifactKey: Guid(ae9314f65922b7b42b043064aeaaa155) Importer(815301076,1909f56bfc062723c751e8b465ee728b)
Start importing Assets/Toon Furniture/Models/Counter_2_1.fbx using Guid(ae9314f65922b7b42b043064aeaaa155) Importer(815301076,1909f56bfc062723c751e8b465ee728b)  -> (artifact id: '447dbbe31a643931ce10c0915d9f19e8') in 0.029226 seconds
Number of updated asset objects reloaded before import = 0
Number of asset objects unloaded after import = 23
========================================================================
Received Import Request.
  Time since last request: 0.000028 seconds.
  path: Assets/Toon Furniture/Models/Table_1.fbx
  artifactKey: Guid(6def73f8311645b47a2d3ae4d6afb91f) Importer(815301076,1909f56bfc062723c751e8b465ee728b)
Start importing Assets/Toon Furniture/Models/Table_1.fbx using Guid(6def73f8311645b47a2d3ae4d6afb91f) Importer(815301076,1909f56bfc062723c751e8b465ee728b)  -> (artifact id: '87d203ee9c1464cb1f0463cb63ba3398') in 0.018151 seconds
Number of updated asset objects reloaded before import = 0
Number of asset objects unloaded after import = 14
========================================================================
Received Import Request.
  Time since last request: 0.000021 seconds.
  path: Assets/Toon Furniture/Models/Toilet_1_1.fbx
  artifactKey: Guid(8b2187eee69412246b555d50d7e41e78) Importer(815301076,1909f56bfc062723c751e8b465ee728b)
Start importing Assets/Toon Furniture/Models/Toilet_1_1.fbx using Guid(8b2187eee69412246b555d50d7e41e78) Importer(815301076,1909f56bfc062723c751e8b465ee728b)  -> (artifact id: '4546f7c4761f7ddc9628bad1595a192e') in 0.017653 seconds
Number of updated asset objects reloaded before import = 0
Number of asset objects unloaded after import = 14
========================================================================
Received Import Request.
  Time since last request: 0.000017 seconds.
  path: Assets/Toon Furniture/Models/Chair_9.fbx
  artifactKey: Guid(7eb169ca98be6744db6423d236b0e90b) Importer(815301076,1909f56bfc062723c751e8b465ee728b)
Start importing Assets/Toon Furniture/Models/Chair_9.fbx using Guid(7eb169ca98be6744db6423d236b0e90b) Importer(815301076,1909f56bfc062723c751e8b465ee728b)  -> (artifact id: 'a8a85425aa0df10be2bb58a2507826b7') in 0.016920 seconds
Number of updated asset objects reloaded before import = 0
Number of asset objects unloaded after import = 14
========================================================================
Received Import Request.
  Time since last request: 0.000016 seconds.
  path: Assets/Toon Furniture/Models/Chair_4.fbx
  artifactKey: Guid(f701747214874ac46a0c4ac184b53cb1) Importer(815301076,1909f56bfc062723c751e8b465ee728b)
Start importing Assets/Toon Furniture/Models/Chair_4.fbx using Guid(f701747214874ac46a0c4ac184b53cb1) Importer(815301076,1909f56bfc062723c751e8b465ee728b)  -> (artifact id: 'cac8da023be45779b1e3b5a61cf06ece') in 0.016490 seconds
Number of updated asset objects reloaded before import = 0
Number of asset objects unloaded after import = 14
========================================================================
Received Import Request.
  Time since last request: 0.000013 seconds.
  path: Assets/Toon Furniture/Models/headboard_1.fbx
  artifactKey: Guid(22594f653b29cb2488a78553895e4d36) Importer(815301076,1909f56bfc062723c751e8b465ee728b)
Start importing Assets/Toon Furniture/Models/headboard_1.fbx using Guid(22594f653b29cb2488a78553895e4d36) Importer(815301076,1909f56bfc062723c751e8b465ee728b)  -> (artifact id: 'bb1d5667cc32cedaa4bf6c887cddb4c6') in 0.025756 seconds
Number of updated asset objects reloaded before import = 0
Number of asset objects unloaded after import = 17
========================================================================
Received Import Request.
  Time since last request: 0.000013 seconds.
  path: Assets/Toon Furniture/Models/Chair_3.fbx
  artifactKey: Guid(56143fa81708d6647bc92eab52aa58e8) Importer(815301076,1909f56bfc062723c751e8b465ee728b)
Start importing Assets/Toon Furniture/Models/Chair_3.fbx using Guid(56143fa81708d6647bc92eab52aa58e8) Importer(815301076,1909f56bfc062723c751e8b465ee728b)  -> (artifact id: '1770daefaf70ccff42cba250a6e1a44c') in 0.019261 seconds
Number of updated asset objects reloaded before import = 0
Number of asset objects unloaded after import = 14
Editor requested this worker to shutdown with reason: Scaling down because of idle timeout
TcpMessagingSession - receive error: operation aborted. errorcode: 995, details: ƒXƒŒƒbƒh‚ÌI—¹‚Ü‚½‚ÍƒAƒvƒŠƒP[ƒVƒ‡ƒ“‚Ì—v‹‚É‚æ‚Á‚ÄAI/O ˆ—‚Í’†~‚³‚ê‚Ü‚µ‚½B
AssetImportWorker is now disconnected from the server
Process exiting
Exiting without the bug reporter. Application will terminate with return code 0