Using pre-set license
Built from '2022.3/release' branch; Version is '2022.3.5f1 (9674261d40ee) revision 9860134'; Using compiler version '192829333'; Build Type 'Release'
OS: 'Windows 11  (10.0.22621) 64bit Core' Language: 'ja' Physical Memory: 16312 MB
BatchMode: 1, IsHumanControllingUs: 0, StartBugReporterOnCrash: 0, Is64bit: 1, IsPro: 1

COMMAND LINE ARGUMENTS:
C:\Program Files\Unity\Hub\Editor\2022.3.5f1\Editor\Unity.exe
-adb2
-batchMode
-noUpm
-name
AssetImportWorker1
-projectPath
C:/Users/castl/OneDrive/ãƒ‰ã‚­ãƒ¥ãƒ¡ãƒ³ãƒˆ/daruma local
-logFile
Logs/AssetImportWorker1.log
-srvPort
51250
Successfully changed project path to: C:/Users/castl/OneDrive/ãƒ‰ã‚­ãƒ¥ãƒ¡ãƒ³ãƒˆ/daruma local
C:/Users/castl/OneDrive/ãƒ‰ã‚­ãƒ¥ãƒ¡ãƒ³ãƒˆ/daruma local
[UnityMemory] Configuration Parameters - Can be set up in boot.config
    "memorysetup-bucket-allocator-granularity=16"
    "memorysetup-bucket-allocator-bucket-count=8"
    "memorysetup-bucket-allocator-block-size=33554432"
    "memorysetup-bucket-allocator-block-count=8"
    "memorysetup-main-allocator-block-size=16777216"
    "memorysetup-thread-allocator-block-size=16777216"
    "memorysetup-gfx-main-allocator-block-size=16777216"
    "memorysetup-gfx-thread-allocator-block-size=16777216"
    "memorysetup-cache-allocator-block-size=4194304"
    "memorysetup-typetree-allocator-block-size=2097152"
    "memorysetup-profiler-bucket-allocator-granularity=16"
    "memorysetup-profiler-bucket-allocator-bucket-count=8"
    "memorysetup-profiler-bucket-allocator-block-size=33554432"
    "memorysetup-profiler-bucket-allocator-block-count=8"
    "memorysetup-profiler-allocator-block-size=16777216"
    "memorysetup-profiler-editor-allocator-block-size=1048576"
    "memorysetup-temp-allocator-size-main=16777216"
    "memorysetup-job-temp-allocator-block-size=2097152"
    "memorysetup-job-temp-allocator-block-size-background=1048576"
    "memorysetup-job-temp-allocator-reduction-small-platforms=262144"
    "memorysetup-allocator-temp-initial-block-size-main=262144"
    "memorysetup-allocator-temp-initial-block-size-worker=262144"
    "memorysetup-temp-allocator-size-background-worker=32768"
    "memorysetup-temp-allocator-size-job-worker=262144"
    "memorysetup-temp-allocator-size-preload-manager=33554432"
    "memorysetup-temp-allocator-size-nav-mesh-worker=65536"
    "memorysetup-temp-allocator-size-audio-worker=65536"
    "memorysetup-temp-allocator-size-cloud-worker=32768"
    "memorysetup-temp-allocator-size-gi-baking-worker=262144"
    "memorysetup-temp-allocator-size-gfx=262144"
Player connection [15504] Host "[IP] 192.168.0.10 [Port] 0 [Flags] 2 [Guid] 3117074982 [EditorId] 3117074982 [Version] 1048832 [Id] WindowsEditor(7,delta) [Debug] 1 [PackageName] WindowsEditor [ProjectName] Editor" joined multi-casting on [225.0.0.222:54997]...

Player connection [15504] Host "[IP] 192.168.0.10 [Port] 0 [Flags] 2 [Guid] 3117074982 [EditorId] 3117074982 [Version] 1048832 [Id] WindowsEditor(7,delta) [Debug] 1 [PackageName] WindowsEditor [ProjectName] Editor" joined alternative multi-casting on [225.0.0.222:34997]...

Refreshing native plugins compatible for Editor in 10.25 ms, found 3 plugins.
Preloading 0 native plugins for Editor in 0.00 ms.
Initialize engine version: 2022.3.5f1 (9674261d40ee)
[Subsystems] Discovering subsystems at path C:/Program Files/Unity/Hub/Editor/2022.3.5f1/Editor/Data/Resources/UnitySubsystems
[Subsystems] Discovering subsystems at path C:/Users/castl/OneDrive/ãƒ‰ã‚­ãƒ¥ãƒ¡ãƒ³ãƒˆ/daruma local/Assets
GfxDevice: creating device client; threaded=0; jobified=0
Direct3D:
    Version:  Direct3D 11.0 [level 11.1]
    Renderer: NVIDIA GeForce RTX 4060 (ID=0x2882)
    Vendor:   NVIDIA
    VRAM:     7971 MB
    Driver:   31.0.15.3667
Initialize mono
Mono path[0] = 'C:/Program Files/Unity/Hub/Editor/2022.3.5f1/Editor/Data/Managed'
Mono path[1] = 'C:/Program Files/Unity/Hub/Editor/2022.3.5f1/Editor/Data/MonoBleedingEdge/lib/mono/unityjit-win32'
Mono config path = 'C:/Program Files/Unity/Hub/Editor/2022.3.5f1/Editor/Data/MonoBleedingEdge/etc'
Using monoOptions --debugger-agent=transport=dt_socket,embedding=1,server=y,suspend=n,address=127.0.0.1:56200
Begin MonoManager ReloadAssembly
Registering precompiled unity dll's ...
Register platform support module: C:/Program Files/Unity/Hub/Editor/2022.3.5f1/Editor/Data/PlaybackEngines/WindowsStandaloneSupport/UnityEditor.WindowsStandalone.Extensions.dll
Registered in 0.009245 seconds.
- Loaded All Assemblies, in  0.351 seconds
Native extension for WindowsStandalone target not found
Mono: successfully reloaded assembly
- Finished resetting the current domain, in  0.239 seconds
Domain Reload Profiling: 588ms
	BeginReloadAssembly (81ms)
		ExecutionOrderSort (0ms)
		DisableScriptedObjects (0ms)
		BackupInstance (0ms)
		ReleaseScriptingObjects (0ms)
		CreateAndSetChildDomain (1ms)
	RebuildCommonClasses (32ms)
	RebuildNativeTypeToScriptingClass (8ms)
	initialDomainReloadingComplete (59ms)
	LoadAllAssembliesAndSetupDomain (168ms)
		LoadAssemblies (78ms)
		RebuildTransferFunctionScriptingTraits (0ms)
		AnalyzeDomain (160ms)
			TypeCache.Refresh (159ms)
				TypeCache.ScanAssembly (143ms)
			ScanForSourceGeneratedMonoScriptInfo (0ms)
			ResolveRequiredComponents (1ms)
	FinalizeReload (240ms)
		ReleaseScriptCaches (0ms)
		RebuildScriptCaches (0ms)
		SetupLoadedEditorAssemblies (188ms)
			LogAssemblyErrors (0ms)
			InitializePlatformSupportModulesInManaged (8ms)
			SetLoadedEditorAssemblies (7ms)
			RefreshPlugins (0ms)
			BeforeProcessingInitializeOnLoad (2ms)
			ProcessInitializeOnLoadAttributes (125ms)
			ProcessInitializeOnLoadMethodAttributes (46ms)
			AfterProcessingInitializeOnLoad (0ms)
			EditorAssembliesLoaded (0ms)
		ExecutionOrderSort2 (0ms)
		AwakeInstancesAfterBackupRestoration (0ms)
========================================================================
Worker process is ready to serve import requests
Begin MonoManager ReloadAssembly
Symbol file LoadedFromMemory doesn't match image C:\Users\castl\OneDrive\ãƒ‰ã‚­ãƒ¥ãƒ¡ãƒ³ãƒˆ\daruma local\Library\PackageCache\com.unity.visualscripting@1.8.0\Editor\VisualScripting.Core\Dependencies\YamlDotNet\Unity.VisualScripting.YamlDotNet.dll
Symbol file LoadedFromMemory doesn't match image C:\Users\castl\OneDrive\ãƒ‰ã‚­ãƒ¥ãƒ¡ãƒ³ãƒˆ\daruma local\Library\PackageCache\com.unity.visualscripting@1.8.0\Editor\VisualScripting.Core\Dependencies\DotNetZip\Unity.VisualScripting.IonicZip.dll
- Loaded All Assemblies, in  0.763 seconds
Refreshing native plugins compatible for Editor in 4.53 ms, found 3 plugins.
Native extension for WindowsStandalone target not found
Mono: successfully reloaded assembly
- Finished resetting the current domain, in  0.421 seconds
Domain Reload Profiling: 1179ms
	BeginReloadAssembly (117ms)
		ExecutionOrderSort (0ms)
		DisableScriptedObjects (4ms)
		BackupInstance (0ms)
		ReleaseScriptingObjects (0ms)
		CreateAndSetChildDomain (20ms)
	RebuildCommonClasses (24ms)
	RebuildNativeTypeToScriptingClass (7ms)
	initialDomainReloadingComplete (39ms)
	LoadAllAssembliesAndSetupDomain (570ms)
		LoadAssemblies (272ms)
		RebuildTransferFunctionScriptingTraits (0ms)
		AnalyzeDomain (348ms)
			TypeCache.Refresh (330ms)
				TypeCache.ScanAssembly (316ms)
			ScanForSourceGeneratedMonoScriptInfo (16ms)
			ResolveRequiredComponents (2ms)
	FinalizeReload (422ms)
		ReleaseScriptCaches (0ms)
		RebuildScriptCaches (0ms)
		SetupLoadedEditorAssemblies (293ms)
			LogAssemblyErrors (0ms)
			InitializePlatformSupportModulesInManaged (6ms)
			SetLoadedEditorAssemblies (3ms)
			RefreshPlugins (0ms)
			BeforeProcessingInitializeOnLoad (54ms)
			ProcessInitializeOnLoadAttributes (203ms)
			ProcessInitializeOnLoadMethodAttributes (16ms)
			AfterProcessingInitializeOnLoad (9ms)
			EditorAssembliesLoaded (0ms)
		ExecutionOrderSort2 (0ms)
		AwakeInstancesAfterBackupRestoration (8ms)
Launched and connected shader compiler UnityShaderCompiler.exe after 0.06 seconds
Refreshing native plugins compatible for Editor in 5.54 ms, found 3 plugins.
Preloading 0 native plugins for Editor in 0.00 ms.
Unloading 3068 Unused Serialized files (Serialized files now loaded: 0)
Unloading 31 unused Assets / (56.5 KB). Loaded Objects now: 3537.
Memory consumption went from 117.5 MB to 117.5 MB.
Total: 3.076600 ms (FindLiveObjects: 0.218400 ms CreateObjectMapping: 0.082500 ms MarkObjects: 2.700000 ms  DeleteObjects: 0.075000 ms)

AssetImportParameters requested are different than current active one (requested -> active):
  custom:container-demuxer-ogg: 62fdf1f143b41e24485cea50d1cbac27 -> 
  custom:video-codec-MediaFoundation-h265: 746d11721c4dcdbdad8f713fa42b33f4 -> 
  custom:video-decoder-ogg-theora: a1e56fd34408186e4bbccfd4996cb3dc -> 
  custom:framework-win-MediaFoundation: 216162199b28c13a410421893ffa2e32 -> 
  custom:CustomObjectIndexerAttribute: 756ad292c208cfabdd7b50bc23989ffe -> 
  custom:container-demuxer-webm: 4f35f7cbe854078d1ac9338744f61a02 -> 
  custom:container-muxer-webm: aa71ff27fc2769a1b78a27578f13a17b -> 
  custom:video-decoder-webm-vp8: 9c59270c3fd7afecdb556c50c9e8de78 -> 
  custom:AudioImporter_EditorPlatform: d09bf68614088b80899f8185d706f6e7 -> 
  custom:video-encoder-webm-vp8: eb34c28f22e8b96e1ab97ce403110664 -> 
  custom:audio-decoder-ogg-vorbis: bf7c407c2cedff20999df2af8eb42d56 -> 
  custom:audio-encoder-webm-vorbis: bf7c407c2cedff20999df2af8eb42d56 -> 
========================================================================
Received Import Request.
  Time since last request: 67622.240717 seconds.
  path: Assets/Bed & Bath Furniture Pack/Materials/Bed.mat
  artifactKey: Guid(22380e6f5f172d24690a459b9757cdb6) Importer(815301076,1909f56bfc062723c751e8b465ee728b)
Start importing Assets/Bed & Bath Furniture Pack/Materials/Bed.mat using Guid(22380e6f5f172d24690a459b9757cdb6) Importer(815301076,1909f56bfc062723c751e8b465ee728b)  -> (artifact id: 'c08f833816e7eefbbc2053db1e63e2c7') in 0.534851 seconds
Number of updated asset objects reloaded before import = 0
Number of asset objects unloaded after import = 4
========================================================================
Received Import Request.
  Time since last request: 0.000024 seconds.
  path: Assets/Bed & Bath Furniture Pack/Materials/Nightstand Dresser.mat
  artifactKey: Guid(14044d0ebbdd0c340950abf631ab7397) Importer(815301076,1909f56bfc062723c751e8b465ee728b)
Start importing Assets/Bed & Bath Furniture Pack/Materials/Nightstand Dresser.mat using Guid(14044d0ebbdd0c340950abf631ab7397) Importer(815301076,1909f56bfc062723c751e8b465ee728b)  -> (artifact id: '178bd6c203a2520c53cd88503593fefe') in 0.305357 seconds
Number of updated asset objects reloaded before import = 0
Number of asset objects unloaded after import = 4
========================================================================
Received Import Request.
  Time since last request: 0.821034 seconds.
  path: Assets/Bed & Bath Furniture Pack/Materials/Textures/Bathtub_Bathtub_MetallicSmoothness.png
  artifactKey: Guid(ea9aa00ef1ffd904eab9c7b0cb11f8cc) Importer(815301076,1909f56bfc062723c751e8b465ee728b)
Start importing Assets/Bed & Bath Furniture Pack/Materials/Textures/Bathtub_Bathtub_MetallicSmoothness.png using Guid(ea9aa00ef1ffd904eab9c7b0cb11f8cc) Importer(815301076,1909f56bfc062723c751e8b465ee728b)  -> (artifact id: '21c6f32a699918270259ff5834e1df36') in 0.024091 seconds
Number of updated asset objects reloaded before import = 0
Number of asset objects unloaded after import = 2
========================================================================
Received Import Request.
  Time since last request: 0.000503 seconds.
  path: Assets/Bed & Bath Furniture Pack/Materials/Textures/Dresser_Drawers_AlbedoTransparency.png
  artifactKey: Guid(be4a8dcdf6b5b6e43be7faa8ce32fc4d) Importer(815301076,1909f56bfc062723c751e8b465ee728b)
Start importing Assets/Bed & Bath Furniture Pack/Materials/Textures/Dresser_Drawers_AlbedoTransparency.png using Guid(be4a8dcdf6b5b6e43be7faa8ce32fc4d) Importer(815301076,1909f56bfc062723c751e8b465ee728b)  -> (artifact id: 'ec0e59553cb40924b7c03d5a68a21116') in 0.020361 seconds
Number of updated asset objects reloaded before import = 0
Number of asset objects unloaded after import = 2
========================================================================
Received Import Request.
  Time since last request: 0.000016 seconds.
  path: Assets/Bed & Bath Furniture Pack/Materials/Textures/Sink_initialShadingGroup_AlbedoTransparency.png
  artifactKey: Guid(2c34d01d488de174ab9656ab59aafa00) Importer(815301076,1909f56bfc062723c751e8b465ee728b)
Start importing Assets/Bed & Bath Furniture Pack/Materials/Textures/Sink_initialShadingGroup_AlbedoTransparency.png using Guid(2c34d01d488de174ab9656ab59aafa00) Importer(815301076,1909f56bfc062723c751e8b465ee728b)  -> (artifact id: '5560b62905aa2d2d961f5807dbe2145e') in 0.014939 seconds
Number of updated asset objects reloaded before import = 0
Number of asset objects unloaded after import = 2
========================================================================
Received Import Request.
  Time since last request: 0.000022 seconds.
  path: Assets/Bed & Bath Furniture Pack/Materials/Textures/Nightstand_Drawers_AlbedoTransparency.png
  artifactKey: Guid(4fa0220e0289ba94da3ecbe63f5e1d8d) Importer(815301076,1909f56bfc062723c751e8b465ee728b)
Start importing Assets/Bed & Bath Furniture Pack/Materials/Textures/Nightstand_Drawers_AlbedoTransparency.png using Guid(4fa0220e0289ba94da3ecbe63f5e1d8d) Importer(815301076,1909f56bfc062723c751e8b465ee728b)  -> (artifact id: 'a66ea3793aa8483cdce5d90357b1ddfa') in 0.019722 seconds
Number of updated asset objects reloaded before import = 0
Number of asset objects unloaded after import = 2
========================================================================
Received Import Request.
  Time since last request: 0.000016 seconds.
  path: Assets/Bed & Bath Furniture Pack/Materials/Textures/Lamp_Lamp_AlbedoTransparency.png
  artifactKey: Guid(1aadc84ffab9e434ab8eba984e8707c0) Importer(815301076,1909f56bfc062723c751e8b465ee728b)
Start importing Assets/Bed & Bath Furniture Pack/Materials/Textures/Lamp_Lamp_AlbedoTransparency.png using Guid(1aadc84ffab9e434ab8eba984e8707c0) Importer(815301076,1909f56bfc062723c751e8b465ee728b)  -> (artifact id: '9a789be1e0b7f3f8a01b3de1784d606d') in 0.018365 seconds
Number of updated asset objects reloaded before import = 0
Number of asset objects unloaded after import = 2
========================================================================
Received Import Request.
  Time since last request: 0.000038 seconds.
  path: Assets/Bed & Bath Furniture Pack/Materials/Textures/Bathtub_Bathtub_Normal.png
  artifactKey: Guid(e11d23592393f8d4fae77d8c17290f61) Importer(815301076,1909f56bfc062723c751e8b465ee728b)
Start importing Assets/Bed & Bath Furniture Pack/Materials/Textures/Bathtub_Bathtub_Normal.png using Guid(e11d23592393f8d4fae77d8c17290f61) Importer(815301076,1909f56bfc062723c751e8b465ee728b)  -> (artifact id: 'e9c8469b79645ab5ccbddba60b7d0518') in 0.027558 seconds
Number of updated asset objects reloaded before import = 0
Number of asset objects unloaded after import = 2
========================================================================
Received Import Request.
  Time since last request: 0.000018 seconds.
  path: Assets/Bed & Bath Furniture Pack/Materials/Textures/Nightstand_Drawers_Normal.png
  artifactKey: Guid(c6346b849ea30b541ab3d0d851d32e14) Importer(815301076,1909f56bfc062723c751e8b465ee728b)
Start importing Assets/Bed & Bath Furniture Pack/Materials/Textures/Nightstand_Drawers_Normal.png using Guid(c6346b849ea30b541ab3d0d851d32e14) Importer(815301076,1909f56bfc062723c751e8b465ee728b)  -> (artifact id: 'ffdbb13c22202c710bd5fd86da3b4a34') in 0.018244 seconds
Number of updated asset objects reloaded before import = 0
Number of asset objects unloaded after import = 2
========================================================================
Received Import Request.
  Time since last request: 0.000015 seconds.
  path: Assets/Bed & Bath Furniture Pack/Materials/Textures/Sink_initialShadingGroup_MetallicSmoothness.png
  artifactKey: Guid(3489913ad9f90e94daa676e7c890f02f) Importer(815301076,1909f56bfc062723c751e8b465ee728b)
Start importing Assets/Bed & Bath Furniture Pack/Materials/Textures/Sink_initialShadingGroup_MetallicSmoothness.png using Guid(3489913ad9f90e94daa676e7c890f02f) Importer(815301076,1909f56bfc062723c751e8b465ee728b)  -> (artifact id: '6e01e85af17d36f2c81154720e16b5b4') in 0.019747 seconds
Number of updated asset objects reloaded before import = 0
Number of asset objects unloaded after import = 2
========================================================================
Received Import Request.
  Time since last request: 0.000018 seconds.
  path: Assets/Bed & Bath Furniture Pack/Materials/Textures/Dresser_Drawers_Normal.png
  artifactKey: Guid(bd96266fd0b3bea4ca201117959166d4) Importer(815301076,1909f56bfc062723c751e8b465ee728b)
Start importing Assets/Bed & Bath Furniture Pack/Materials/Textures/Dresser_Drawers_Normal.png using Guid(bd96266fd0b3bea4ca201117959166d4) Importer(815301076,1909f56bfc062723c751e8b465ee728b)  -> (artifact id: '3b65a28d569f8091cc82af3285bd0382') in 0.018279 seconds
Number of updated asset objects reloaded before import = 0
Number of asset objects unloaded after import = 2
========================================================================
Received Import Request.
  Time since last request: 0.000023 seconds.
  path: Assets/Bed & Bath Furniture Pack/Materials/Textures/Nightstand_Dresser_Normal.png
  artifactKey: Guid(b622f473c16ba2143a3cca9f573c0e13) Importer(815301076,1909f56bfc062723c751e8b465ee728b)
Start importing Assets/Bed & Bath Furniture Pack/Materials/Textures/Nightstand_Dresser_Normal.png using Guid(b622f473c16ba2143a3cca9f573c0e13) Importer(815301076,1909f56bfc062723c751e8b465ee728b)  -> (artifact id: '4b073b9a442db1402444e0d3289cd9cd') in 0.019002 seconds
Number of updated asset objects reloaded before import = 0
Number of asset objects unloaded after import = 2
========================================================================
Received Import Request.
  Time since last request: 0.000024 seconds.
  path: Assets/Bed & Bath Furniture Pack/Materials/Textures/Dresser_Drawers_MetallicSmoothness.png
  artifactKey: Guid(a16b212abdf86954aa5d9462f9668cda) Importer(815301076,1909f56bfc062723c751e8b465ee728b)
Start importing Assets/Bed & Bath Furniture Pack/Materials/Textures/Dresser_Drawers_MetallicSmoothness.png using Guid(a16b212abdf86954aa5d9462f9668cda) Importer(815301076,1909f56bfc062723c751e8b465ee728b)  -> (artifact id: 'e2dd348413d671ba9818fa9cfcc36d68') in 0.015854 seconds
Number of updated asset objects reloaded before import = 0
Number of asset objects unloaded after import = 2
========================================================================
Received Import Request.
  Time since last request: 0.000025 seconds.
  path: Assets/Bed & Bath Furniture Pack/Materials/Textures/Bed_Bed_Normal.png
  artifactKey: Guid(268db609cd23afa4ba15897bb5359026) Importer(815301076,1909f56bfc062723c751e8b465ee728b)
Start importing Assets/Bed & Bath Furniture Pack/Materials/Textures/Bed_Bed_Normal.png using Guid(268db609cd23afa4ba15897bb5359026) Importer(815301076,1909f56bfc062723c751e8b465ee728b)  -> (artifact id: '3105934d6971645461791a8e8a4f32b4') in 0.019350 seconds
Number of updated asset objects reloaded before import = 0
Number of asset objects unloaded after import = 2
========================================================================
Received Import Request.
  Time since last request: 0.000014 seconds.
  path: Assets/Bed & Bath Furniture Pack/Materials/Textures/Bed_Frame_MetallicSmoothness.png
  artifactKey: Guid(e0ef732f60e95ea49a0c893aadd0f863) Importer(815301076,1909f56bfc062723c751e8b465ee728b)
Start importing Assets/Bed & Bath Furniture Pack/Materials/Textures/Bed_Frame_MetallicSmoothness.png using Guid(e0ef732f60e95ea49a0c893aadd0f863) Importer(815301076,1909f56bfc062723c751e8b465ee728b)  -> (artifact id: '00a4bd58baa0fcf39de4fad63a948021') in 0.019528 seconds
Number of updated asset objects reloaded before import = 0
Number of asset objects unloaded after import = 2
========================================================================
Received Import Request.
  Time since last request: 0.000015 seconds.
  path: Assets/Bed & Bath Furniture Pack/Materials/Textures/Bed_Bed_AlbedoTransparency.png
  artifactKey: Guid(cf49951a491c6504f9b654c67d59f8d1) Importer(815301076,1909f56bfc062723c751e8b465ee728b)
Start importing Assets/Bed & Bath Furniture Pack/Materials/Textures/Bed_Bed_AlbedoTransparency.png using Guid(cf49951a491c6504f9b654c67d59f8d1) Importer(815301076,1909f56bfc062723c751e8b465ee728b)  -> (artifact id: '2ff6622fe48fcf345efac32669a188ed') in 0.018162 seconds
Number of updated asset objects reloaded before import = 0
Number of asset objects unloaded after import = 2
========================================================================
Received Import Request.
  Time since last request: 0.000018 seconds.
  path: Assets/Bed & Bath Furniture Pack/Materials/Textures/Toilet_Toilet_Normal.png
  artifactKey: Guid(e745e7a4f1b9a9e41b76fa1d25667156) Importer(815301076,1909f56bfc062723c751e8b465ee728b)
Start importing Assets/Bed & Bath Furniture Pack/Materials/Textures/Toilet_Toilet_Normal.png using Guid(e745e7a4f1b9a9e41b76fa1d25667156) Importer(815301076,1909f56bfc062723c751e8b465ee728b)  -> (artifact id: 'a05d6d989bf979333276fc84387c1645') in 0.018181 seconds
Number of updated asset objects reloaded before import = 0
Number of asset objects unloaded after import = 2
========================================================================
Received Import Request.
  Time since last request: 0.000019 seconds.
  path: Assets/Bed & Bath Furniture Pack/Materials/Textures/Footstool_Footstool_Normal.png
  artifactKey: Guid(6db99443de29c3d488b9383b0a5064ba) Importer(815301076,1909f56bfc062723c751e8b465ee728b)
Start importing Assets/Bed & Bath Furniture Pack/Materials/Textures/Footstool_Footstool_Normal.png using Guid(6db99443de29c3d488b9383b0a5064ba) Importer(815301076,1909f56bfc062723c751e8b465ee728b)  -> (artifact id: '2a74272d6be5040b2889416f872b373e') in 0.017035 seconds
Number of updated asset objects reloaded before import = 0
Number of asset objects unloaded after import = 2
========================================================================
Received Import Request.
  Time since last request: 0.000016 seconds.
  path: Assets/Bed & Bath Furniture Pack/Materials/Textures/Lamp_Lamp_Normal.png
  artifactKey: Guid(58cdb0cd23198d44797952034904b7a9) Importer(815301076,1909f56bfc062723c751e8b465ee728b)
Start importing Assets/Bed & Bath Furniture Pack/Materials/Textures/Lamp_Lamp_Normal.png using Guid(58cdb0cd23198d44797952034904b7a9) Importer(815301076,1909f56bfc062723c751e8b465ee728b)  -> (artifact id: 'd99804811e2b31cee4c9b00fa8af86cb') in 0.018436 seconds
Number of updated asset objects reloaded before import = 0
Number of asset objects unloaded after import = 2
========================================================================
Received Import Request.
  Time since last request: 4.644300 seconds.
  path: Assets/Bed & Bath Furniture Pack/Models/Footstool.obj
  artifactKey: Guid(404ddee87b5be304d907ddee409c3506) Importer(815301076,1909f56bfc062723c751e8b465ee728b)
Start importing Assets/Bed & Bath Furniture Pack/Models/Footstool.obj using Guid(404ddee87b5be304d907ddee409c3506) Importer(815301076,1909f56bfc062723c751e8b465ee728b)  -> (artifact id: '8d15c83297b72bf62a579ed73aa45c57') in 0.043283 seconds
Number of updated asset objects reloaded before import = 0
Number of asset objects unloaded after import = 10
========================================================================
Received Import Request.
  Time since last request: 0.000017 seconds.
  path: Assets/Bed & Bath Furniture Pack/Models/Toilet.obj
  artifactKey: Guid(8bd6a48ca017e7d40a7c8d328eb5e327) Importer(815301076,1909f56bfc062723c751e8b465ee728b)
Start importing Assets/Bed & Bath Furniture Pack/Models/Toilet.obj using Guid(8bd6a48ca017e7d40a7c8d328eb5e327) Importer(815301076,1909f56bfc062723c751e8b465ee728b)  -> (artifact id: '439d3a4d935be9ccccd0b39185743bd8') in 0.016814 seconds
Number of updated asset objects reloaded before import = 0
Number of asset objects unloaded after import = 10
========================================================================
Received Import Request.
  Time since last request: 0.000013 seconds.
  path: Assets/Bed & Bath Furniture Pack/Models/Sink.obj
  artifactKey: Guid(f399b5092c1723f4aadcd2ee690631ca) Importer(815301076,1909f56bfc062723c751e8b465ee728b)
Start importing Assets/Bed & Bath Furniture Pack/Models/Sink.obj using Guid(f399b5092c1723f4aadcd2ee690631ca) Importer(815301076,1909f56bfc062723c751e8b465ee728b)  -> (artifact id: '5321341ed703287b0906dd78aa7dc11f') in 0.016993 seconds
Number of updated asset objects reloaded before import = 0
Number of asset objects unloaded after import = 10
Editor requested this worker to shutdown with reason: Scaling down because of idle timeout
TcpMessagingSession - receive error: operation aborted. errorcode: 995, details: ƒXƒŒƒbƒh‚ÌI—¹‚Ü‚½‚ÍƒAƒvƒŠƒP[ƒVƒ‡ƒ“‚Ì—v‹‚É‚æ‚Á‚ÄAI/O ˆ—‚Í’†~‚³‚ê‚Ü‚µ‚½B
AssetImportWorker is now disconnected from the server
Process exiting
Exiting without the bug reporter. Application will terminate with return code 0