Using pre-set license
Built from '2022.3/release' branch; Version is '2022.3.5f1 (9674261d40ee) revision 9860134'; Using compiler version '192829333'; Build Type 'Release'
OS: 'Windows 11  (10.0.22621) 64bit Core' Language: 'ja' Physical Memory: 16312 MB
BatchMode: 1, IsHumanControllingUs: 0, StartBugReporterOnCrash: 0, Is64bit: 1, IsPro: 1

COMMAND LINE ARGUMENTS:
C:\Program Files\Unity\Hub\Editor\2022.3.5f1\Editor\Unity.exe
-adb2
-batchMode
-noUpm
-name
AssetImportWorker2
-projectPath
C:/Users/castl/Downloads/譁ｰ縺励＞繝輔か繝ｫ繝繝ｼ
-logFile
Logs/AssetImportWorker2.log
-srvPort
53338
Successfully changed project path to: C:/Users/castl/Downloads/譁ｰ縺励＞繝輔か繝ｫ繝繝ｼ
C:/Users/castl/Downloads/譁ｰ縺励＞繝輔か繝ｫ繝繝ｼ
[UnityMemory] Configuration Parameters - Can be set up in boot.config
    "memorysetup-bucket-allocator-granularity=16"
    "memorysetup-bucket-allocator-bucket-count=8"
    "memorysetup-bucket-allocator-block-size=33554432"
    "memorysetup-bucket-allocator-block-count=8"
    "memorysetup-main-allocator-block-size=16777216"
    "memorysetup-thread-allocator-block-size=16777216"
    "memorysetup-gfx-main-allocator-block-size=16777216"
    "memorysetup-gfx-thread-allocator-block-size=16777216"
    "memorysetup-cache-allocator-block-size=4194304"
    "memorysetup-typetree-allocator-block-size=2097152"
    "memorysetup-profiler-bucket-allocator-granularity=16"
    "memorysetup-profiler-bucket-allocator-bucket-count=8"
    "memorysetup-profiler-bucket-allocator-block-size=33554432"
    "memorysetup-profiler-bucket-allocator-block-count=8"
    "memorysetup-profiler-allocator-block-size=16777216"
    "memorysetup-profiler-editor-allocator-block-size=1048576"
    "memorysetup-temp-allocator-size-main=16777216"
    "memorysetup-job-temp-allocator-block-size=2097152"
    "memorysetup-job-temp-allocator-block-size-background=1048576"
    "memorysetup-job-temp-allocator-reduction-small-platforms=262144"
    "memorysetup-allocator-temp-initial-block-size-main=262144"
    "memorysetup-allocator-temp-initial-block-size-worker=262144"
    "memorysetup-temp-allocator-size-background-worker=32768"
    "memorysetup-temp-allocator-size-job-worker=262144"
    "memorysetup-temp-allocator-size-preload-manager=33554432"
    "memorysetup-temp-allocator-size-nav-mesh-worker=65536"
    "memorysetup-temp-allocator-size-audio-worker=65536"
    "memorysetup-temp-allocator-size-cloud-worker=32768"
    "memorysetup-temp-allocator-size-gi-baking-worker=262144"
    "memorysetup-temp-allocator-size-gfx=262144"
Player connection [27688] Host "[IP] 172.17.32.1 [Port] 0 [Flags] 2 [Guid] 1184499071 [EditorId] 1184499071 [Version] 1048832 [Id] WindowsEditor(7,delta) [Debug] 1 [PackageName] WindowsEditor [ProjectName] Editor" joined multi-casting on [225.0.0.222:54997]...

Player connection [27688] Host "[IP] 172.17.32.1 [Port] 0 [Flags] 2 [Guid] 1184499071 [EditorId] 1184499071 [Version] 1048832 [Id] WindowsEditor(7,delta) [Debug] 1 [PackageName] WindowsEditor [ProjectName] Editor" joined alternative multi-casting on [225.0.0.222:34997]...

Refreshing native plugins compatible for Editor in 8.51 ms, found 3 plugins.
Preloading 0 native plugins for Editor in 0.00 ms.
Initialize engine version: 2022.3.5f1 (9674261d40ee)
[Subsystems] Discovering subsystems at path C:/Program Files/Unity/Hub/Editor/2022.3.5f1/Editor/Data/Resources/UnitySubsystems
[Subsystems] Discovering subsystems at path C:/Users/castl/Downloads/譁ｰ縺励＞繝輔か繝ｫ繝繝ｼ/Assets
GfxDevice: creating device client; threaded=0; jobified=0
Direct3D:
    Version:  Direct3D 11.0 [level 11.1]
    Renderer: NVIDIA GeForce RTX 4060 (ID=0x2882)
    Vendor:   NVIDIA
    VRAM:     7971 MB
    Driver:   31.0.15.3667
Initialize mono
Mono path[0] = 'C:/Program Files/Unity/Hub/Editor/2022.3.5f1/Editor/Data/Managed'
Mono path[1] = 'C:/Program Files/Unity/Hub/Editor/2022.3.5f1/Editor/Data/MonoBleedingEdge/lib/mono/unityjit-win32'
Mono config path = 'C:/Program Files/Unity/Hub/Editor/2022.3.5f1/Editor/Data/MonoBleedingEdge/etc'
Using monoOptions --debugger-agent=transport=dt_socket,embedding=1,server=y,suspend=n,address=127.0.0.1:56740
Begin MonoManager ReloadAssembly
Registering precompiled unity dll's ...
Register platform support module: C:/Program Files/Unity/Hub/Editor/2022.3.5f1/Editor/Data/PlaybackEngines/WindowsStandaloneSupport/UnityEditor.WindowsStandalone.Extensions.dll
Registered in 0.008569 seconds.
- Loaded All Assemblies, in  0.285 seconds
Native extension for WindowsStandalone target not found
Mono: successfully reloaded assembly
- Finished resetting the current domain, in  0.197 seconds
Domain Reload Profiling: 480ms
	BeginReloadAssembly (79ms)
		ExecutionOrderSort (0ms)
		DisableScriptedObjects (0ms)
		BackupInstance (0ms)
		ReleaseScriptingObjects (0ms)
		CreateAndSetChildDomain (1ms)
	RebuildCommonClasses (26ms)
	RebuildNativeTypeToScriptingClass (13ms)
	initialDomainReloadingComplete (52ms)
	LoadAllAssembliesAndSetupDomain (113ms)
		LoadAssemblies (76ms)
		RebuildTransferFunctionScriptingTraits (0ms)
		AnalyzeDomain (105ms)
			TypeCache.Refresh (104ms)
				TypeCache.ScanAssembly (94ms)
			ScanForSourceGeneratedMonoScriptInfo (0ms)
			ResolveRequiredComponents (0ms)
	FinalizeReload (197ms)
		ReleaseScriptCaches (0ms)
		RebuildScriptCaches (0ms)
		SetupLoadedEditorAssemblies (155ms)
			LogAssemblyErrors (0ms)
			InitializePlatformSupportModulesInManaged (7ms)
			SetLoadedEditorAssemblies (6ms)
			RefreshPlugins (0ms)
			BeforeProcessingInitializeOnLoad (2ms)
			ProcessInitializeOnLoadAttributes (102ms)
			ProcessInitializeOnLoadMethodAttributes (39ms)
			AfterProcessingInitializeOnLoad (0ms)
			EditorAssembliesLoaded (0ms)
		ExecutionOrderSort2 (0ms)
		AwakeInstancesAfterBackupRestoration (0ms)
========================================================================
Worker process is ready to serve import requests
Begin MonoManager ReloadAssembly
Symbol file LoadedFromMemory doesn't match image C:\Users\castl\Downloads\譁ｰ縺励＞繝輔か繝ｫ繝繝ｼ\Library\PackageCache\com.unity.visualscripting@1.8.0\Editor\VisualScripting.Core\Dependencies\YamlDotNet\Unity.VisualScripting.YamlDotNet.dll
Symbol file LoadedFromMemory doesn't match image C:\Users\castl\Downloads\譁ｰ縺励＞繝輔か繝ｫ繝繝ｼ\Library\PackageCache\com.unity.visualscripting@1.8.0\Editor\VisualScripting.Core\Dependencies\DotNetZip\Unity.VisualScripting.IonicZip.dll
- Loaded All Assemblies, in  0.633 seconds
Refreshing native plugins compatible for Editor in 3.72 ms, found 3 plugins.
Native extension for WindowsStandalone target not found
Mono: successfully reloaded assembly
- Finished resetting the current domain, in  0.388 seconds
Domain Reload Profiling: 1017ms
	BeginReloadAssembly (119ms)
		ExecutionOrderSort (0ms)
		DisableScriptedObjects (4ms)
		BackupInstance (0ms)
		ReleaseScriptingObjects (0ms)
		CreateAndSetChildDomain (19ms)
	RebuildCommonClasses (29ms)
	RebuildNativeTypeToScriptingClass (8ms)
	initialDomainReloadingComplete (43ms)
	LoadAllAssembliesAndSetupDomain (429ms)
		LoadAssemblies (262ms)
		RebuildTransferFunctionScriptingTraits (0ms)
		AnalyzeDomain (228ms)
			TypeCache.Refresh (214ms)
				TypeCache.ScanAssembly (204ms)
			ScanForSourceGeneratedMonoScriptInfo (11ms)
			ResolveRequiredComponents (3ms)
	FinalizeReload (389ms)
		ReleaseScriptCaches (0ms)
		RebuildScriptCaches (0ms)
		SetupLoadedEditorAssemblies (276ms)
			LogAssemblyErrors (0ms)
			InitializePlatformSupportModulesInManaged (5ms)
			SetLoadedEditorAssemblies (4ms)
			RefreshPlugins (0ms)
			BeforeProcessingInitializeOnLoad (55ms)
			ProcessInitializeOnLoadAttributes (189ms)
			ProcessInitializeOnLoadMethodAttributes (14ms)
			AfterProcessingInitializeOnLoad (9ms)
			EditorAssembliesLoaded (0ms)
		ExecutionOrderSort2 (0ms)
		AwakeInstancesAfterBackupRestoration (5ms)
Launched and connected shader compiler UnityShaderCompiler.exe after 0.05 seconds
Refreshing native plugins compatible for Editor in 5.54 ms, found 3 plugins.
Preloading 0 native plugins for Editor in 0.00 ms.
Unloading 3070 Unused Serialized files (Serialized files now loaded: 0)
Unloading 31 unused Assets / (56.6 KB). Loaded Objects now: 3553.
Memory consumption went from 127.9 MB to 127.9 MB.
Total: 4.356400 ms (FindLiveObjects: 0.446700 ms CreateObjectMapping: 0.129300 ms MarkObjects: 3.633600 ms  DeleteObjects: 0.145800 ms)

AssetImportParameters requested are different than current active one (requested -> active):
  custom:container-demuxer-ogg: 62fdf1f143b41e24485cea50d1cbac27 -> 
  custom:video-codec-MediaFoundation-h265: 746d11721c4dcdbdad8f713fa42b33f4 -> 
  custom:video-decoder-ogg-theora: a1e56fd34408186e4bbccfd4996cb3dc -> 
  custom:framework-win-MediaFoundation: 216162199b28c13a410421893ffa2e32 -> 
  custom:CustomObjectIndexerAttribute: 756ad292c208cfabdd7b50bc23989ffe -> 
  custom:container-demuxer-webm: 4f35f7cbe854078d1ac9338744f61a02 -> 
  custom:container-muxer-webm: aa71ff27fc2769a1b78a27578f13a17b -> 
  custom:video-decoder-webm-vp8: 9c59270c3fd7afecdb556c50c9e8de78 -> 
  custom:AudioImporter_EditorPlatform: d09bf68614088b80899f8185d706f6e7 -> 
  custom:video-encoder-webm-vp8: eb34c28f22e8b96e1ab97ce403110664 -> 
  custom:audio-decoder-ogg-vorbis: bf7c407c2cedff20999df2af8eb42d56 -> 
  custom:audio-encoder-webm-vorbis: bf7c407c2cedff20999df2af8eb42d56 -> 
========================================================================
Received Import Request.
  Time since last request: 1016646.834129 seconds.
  path: Assets/Bed & Bath Furniture Pack/Models/Bed.obj
  artifactKey: Guid(4122dec1742e2904f93fe455f244efa4) Importer(815301076,1909f56bfc062723c751e8b465ee728b)
Start importing Assets/Bed & Bath Furniture Pack/Models/Bed.obj using Guid(4122dec1742e2904f93fe455f244efa4) Importer(815301076,1909f56bfc062723c751e8b465ee728b)  -> (artifact id: '9a92cd560dd09eb321a97412a7e676b6') in 0.266563 seconds
Number of updated asset objects reloaded before import = 0
Number of asset objects unloaded after import = 40
========================================================================
Received Import Request.
  Time since last request: 1.914001 seconds.
  path: Assets/Bed & Bath Furniture Pack/Prefabs/Bed.prefab
  artifactKey: Guid(313df21c32a46e247960cfd9a4c84a32) Importer(815301076,1909f56bfc062723c751e8b465ee728b)
Start importing Assets/Bed & Bath Furniture Pack/Prefabs/Bed.prefab using Guid(313df21c32a46e247960cfd9a4c84a32) Importer(815301076,1909f56bfc062723c751e8b465ee728b)  -> (artifact id: 'cbe4235402435b531b511e13c72c59f0') in 0.117236 seconds
Number of updated asset objects reloaded before import = 0
Number of asset objects unloaded after import = 43
========================================================================
Received Import Request.
  Time since last request: 6.385364 seconds.
  path: Assets/Fantasy Forest Environment Free Sample/Materials/dirt01.mat
  artifactKey: Guid(02f626fd2f11216458890862c5864d34) Importer(815301076,1909f56bfc062723c751e8b465ee728b)
Start importing Assets/Fantasy Forest Environment Free Sample/Materials/dirt01.mat using Guid(02f626fd2f11216458890862c5864d34) Importer(815301076,1909f56bfc062723c751e8b465ee728b)  -> (artifact id: '49b76c8909cd48e263bf217ac688bbbb') in 0.235310 seconds
Number of updated asset objects reloaded before import = 0
Number of asset objects unloaded after import = 2
========================================================================
Received Import Request.
  Time since last request: 0.915486 seconds.
  path: Assets/Fantasy Forest Environment Free Sample/Textures/dirt01.tga
  artifactKey: Guid(30ec70ef60a2bb54ea2df6f72c77bdc6) Importer(815301076,1909f56bfc062723c751e8b465ee728b)
Start importing Assets/Fantasy Forest Environment Free Sample/Textures/dirt01.tga using Guid(30ec70ef60a2bb54ea2df6f72c77bdc6) Importer(815301076,1909f56bfc062723c751e8b465ee728b)  -> (artifact id: '9b3c3a5b255d15d558ab91f1da91cc3f') in 0.027509 seconds
Number of updated asset objects reloaded before import = 0
Number of asset objects unloaded after import = 2
========================================================================
Received Import Request.
  Time since last request: 7.668676 seconds.
  path: Assets/Toon Furniture/Prefabs/BookCase_1.prefab
  artifactKey: Guid(2e56118484113a44faa3c8e83481b418) Importer(815301076,1909f56bfc062723c751e8b465ee728b)
Start importing Assets/Toon Furniture/Prefabs/BookCase_1.prefab using Guid(2e56118484113a44faa3c8e83481b418) Importer(815301076,1909f56bfc062723c751e8b465ee728b)  -> (artifact id: 'aefd0b441671cdf7c1198c8dbaa45a96') in 0.013102 seconds
Number of updated asset objects reloaded before import = 0
Number of asset objects unloaded after import = 10
========================================================================
Received Import Request.
  Time since last request: 0.000012 seconds.
  path: Assets/Toon Furniture/Prefabs/Chair_5.prefab
  artifactKey: Guid(094b1ce88c26fa145ae8b34a1712b67e) Importer(815301076,1909f56bfc062723c751e8b465ee728b)
Start importing Assets/Toon Furniture/Prefabs/Chair_5.prefab using Guid(094b1ce88c26fa145ae8b34a1712b67e) Importer(815301076,1909f56bfc062723c751e8b465ee728b)  -> (artifact id: 'c0f18117683dd1100f01a4a121a2ea72') in 0.008932 seconds
Number of updated asset objects reloaded before import = 0
Number of asset objects unloaded after import = 10
========================================================================
Received Import Request.
  Time since last request: 0.000014 seconds.
  path: Assets/Toon Furniture/Prefabs/Books_1_4.prefab
  artifactKey: Guid(569b91127553a1041a6d6aa2e81bf80d) Importer(815301076,1909f56bfc062723c751e8b465ee728b)
Start importing Assets/Toon Furniture/Prefabs/Books_1_4.prefab using Guid(569b91127553a1041a6d6aa2e81bf80d) Importer(815301076,1909f56bfc062723c751e8b465ee728b)  -> (artifact id: '76742274a1fd2bb18f913b19ff0b355b') in 0.008521 seconds
Number of updated asset objects reloaded before import = 0
Number of asset objects unloaded after import = 9
========================================================================
Received Import Request.
  Time since last request: 0.000015 seconds.
  path: Assets/Toon Furniture/Prefabs/Counter_2_2.prefab
  artifactKey: Guid(0b26924746d6cad4780f9d19829b95b3) Importer(815301076,1909f56bfc062723c751e8b465ee728b)
Start importing Assets/Toon Furniture/Prefabs/Counter_2_2.prefab using Guid(0b26924746d6cad4780f9d19829b95b3) Importer(815301076,1909f56bfc062723c751e8b465ee728b)  -> (artifact id: '2cf29e8d67e3c9409433891bac259ba4') in 0.019281 seconds
Number of updated asset objects reloaded before import = 0
Number of asset objects unloaded after import = 10
========================================================================
Received Import Request.
  Time since last request: 0.000013 seconds.
  path: Assets/Toon Furniture/Prefabs/Sink_1.prefab
  artifactKey: Guid(59799fa2671678946a502e2ca01da4a6) Importer(815301076,1909f56bfc062723c751e8b465ee728b)
Start importing Assets/Toon Furniture/Prefabs/Sink_1.prefab using Guid(59799fa2671678946a502e2ca01da4a6) Importer(815301076,1909f56bfc062723c751e8b465ee728b)  -> (artifact id: 'ef152db3caa3560e8762954220047fff') in 0.012507 seconds
Number of updated asset objects reloaded before import = 0
Number of asset objects unloaded after import = 10
========================================================================
Received Import Request.
  Time since last request: 0.000012 seconds.
  path: Assets/Toon Furniture/Prefabs/Chair_7.prefab
  artifactKey: Guid(4ae30892f34ad334095085eacc4dcb7b) Importer(815301076,1909f56bfc062723c751e8b465ee728b)
Start importing Assets/Toon Furniture/Prefabs/Chair_7.prefab using Guid(4ae30892f34ad334095085eacc4dcb7b) Importer(815301076,1909f56bfc062723c751e8b465ee728b)  -> (artifact id: '5ca802b543b97d1987d1a068202d94e8') in 0.015232 seconds
Number of updated asset objects reloaded before import = 0
Number of asset objects unloaded after import = 10
========================================================================
Received Import Request.
  Time since last request: 0.000013 seconds.
  path: Assets/Toon Furniture/Prefabs/Kitchen_Cabinet_1.prefab
  artifactKey: Guid(9a8e2ad0cc8923746b7b5ef3f7c34059) Importer(815301076,1909f56bfc062723c751e8b465ee728b)
Start importing Assets/Toon Furniture/Prefabs/Kitchen_Cabinet_1.prefab using Guid(9a8e2ad0cc8923746b7b5ef3f7c34059) Importer(815301076,1909f56bfc062723c751e8b465ee728b)  -> (artifact id: 'e756b2a17ae3b6c4775d19c44945cc35') in 0.014715 seconds
Number of updated asset objects reloaded before import = 0
Number of asset objects unloaded after import = 17
========================================================================
Received Import Request.
  Time since last request: 0.000015 seconds.
  path: Assets/Toon Furniture/Prefabs/Vase_1.prefab
  artifactKey: Guid(dcca16ec28ac4b44aa6543de547345bb) Importer(815301076,1909f56bfc062723c751e8b465ee728b)
Start importing Assets/Toon Furniture/Prefabs/Vase_1.prefab using Guid(dcca16ec28ac4b44aa6543de547345bb) Importer(815301076,1909f56bfc062723c751e8b465ee728b)  -> (artifact id: 'baa9293ddd3dab1d363d71268b1cce60') in 0.014777 seconds
Number of updated asset objects reloaded before import = 0
Number of asset objects unloaded after import = 10
========================================================================
Received Import Request.
  Time since last request: 7.380841 seconds.
  path: Assets/urethane_hammer/Textures/urethane_hammer_normal.png
  artifactKey: Guid(97081b3cddcc98346a0e020e2f7a0385) Importer(815301076,1909f56bfc062723c751e8b465ee728b)
Start importing Assets/urethane_hammer/Textures/urethane_hammer_normal.png using Guid(97081b3cddcc98346a0e020e2f7a0385) Importer(815301076,1909f56bfc062723c751e8b465ee728b)  -> (artifact id: 'ab270c987cbac697290de00b1c4fdc93') in 0.028877 seconds
Number of updated asset objects reloaded before import = 0
Number of asset objects unloaded after import = 2
========================================================================
Received Import Request.
  Time since last request: 39.048161 seconds.
  path: Assets/01_AssetStore/DoorPackFree/Prefab/DoorV2.prefab
  artifactKey: Guid(43eee9f9554092940955b82111321ef9) Importer(815301076,1909f56bfc062723c751e8b465ee728b)
Start importing Assets/01_AssetStore/DoorPackFree/Prefab/DoorV2.prefab using Guid(43eee9f9554092940955b82111321ef9) Importer(815301076,1909f56bfc062723c751e8b465ee728b)  -> (artifact id: 'c34b47b12e4d8a680f9c9082ce03ac5d') in 0.195804 seconds
Number of updated asset objects reloaded before import = 0
Number of asset objects unloaded after import = 20
========================================================================
Received Import Request.
  Time since last request: 1.237836 seconds.
  path: Assets/01_AssetStore/DoorPackFree/Prefab/Video intercomV1.prefab
  artifactKey: Guid(98859ffeeab916344bce9e52e502eac9) Importer(815301076,1909f56bfc062723c751e8b465ee728b)
Start importing Assets/01_AssetStore/DoorPackFree/Prefab/Video intercomV1.prefab using Guid(98859ffeeab916344bce9e52e502eac9) Importer(815301076,1909f56bfc062723c751e8b465ee728b)  -> (artifact id: '23c8b8fe806a94687624ca0d35cc3665') in 0.024538 seconds
Number of updated asset objects reloaded before import = 0
Number of asset objects unloaded after import = 14
========================================================================
Received Import Request.
  Time since last request: 2.339482 seconds.
  path: Assets/Fantasy Forest Environment Free Sample/Meshes/Source/grass01.FBX
  artifactKey: Guid(4de33cfabd2a0a64caa7f20596f00adf) Importer(815301076,1909f56bfc062723c751e8b465ee728b)
Start importing Assets/Fantasy Forest Environment Free Sample/Meshes/Source/grass01.FBX using Guid(4de33cfabd2a0a64caa7f20596f00adf) Importer(815301076,1909f56bfc062723c751e8b465ee728b)  -> (artifact id: '8ba02ed8f8c8ce31a4f1566d97d51368') in 0.119010 seconds
Number of updated asset objects reloaded before import = 0
Number of asset objects unloaded after import = 9
========================================================================
Received Import Request.
  Time since last request: 0.661828 seconds.
  path: Assets/Toon Furniture/Materials/Books_1.mat
  artifactKey: Guid(a792c98929d502543971d5123dd91d12) Importer(815301076,1909f56bfc062723c751e8b465ee728b)
Start importing Assets/Toon Furniture/Materials/Books_1.mat using Guid(a792c98929d502543971d5123dd91d12) Importer(815301076,1909f56bfc062723c751e8b465ee728b)  -> (artifact id: 'bbe2977ef709df98cb35892a5a42181f') in 0.006846 seconds
Number of updated asset objects reloaded before import = 0
Number of asset objects unloaded after import = 2
========================================================================
Received Import Request.
  Time since last request: 0.000012 seconds.
  path: Assets/Toon Furniture/Materials/Chair_6.mat
  artifactKey: Guid(b0cb6d5647672b541a5f641672a0cc18) Importer(815301076,1909f56bfc062723c751e8b465ee728b)
Start importing Assets/Toon Furniture/Materials/Chair_6.mat using Guid(b0cb6d5647672b541a5f641672a0cc18) Importer(815301076,1909f56bfc062723c751e8b465ee728b)  -> (artifact id: '0010ab1c39319cae86099f7a5ef11dbc') in 0.007432 seconds
Number of updated asset objects reloaded before import = 0
Number of asset objects unloaded after import = 3
========================================================================
Received Import Request.
  Time since last request: 0.000014 seconds.
  path: Assets/Toon Furniture/Materials/Headboard_1_1.mat
  artifactKey: Guid(296234c8c55a49d45a190b0d5be1c47c) Importer(815301076,1909f56bfc062723c751e8b465ee728b)
Start importing Assets/Toon Furniture/Materials/Headboard_1_1.mat using Guid(296234c8c55a49d45a190b0d5be1c47c) Importer(815301076,1909f56bfc062723c751e8b465ee728b)  -> (artifact id: '0d6d3cb1c94e676bf659116d7a9a7bc0') in 0.008101 seconds
Number of updated asset objects reloaded before import = 0
Number of asset objects unloaded after import = 3
========================================================================
Received Import Request.
  Time since last request: 0.000014 seconds.
  path: Assets/Toon Furniture/Materials/CoffeTable_1.mat
  artifactKey: Guid(8137a4b9e7fd60340a30656d9c24feb7) Importer(815301076,1909f56bfc062723c751e8b465ee728b)
Start importing Assets/Toon Furniture/Materials/CoffeTable_1.mat using Guid(8137a4b9e7fd60340a30656d9c24feb7) Importer(815301076,1909f56bfc062723c751e8b465ee728b)  -> (artifact id: '2541d6998485ea704c5d7fc93600b9b5') in 0.017652 seconds
Number of updated asset objects reloaded before import = 0
Number of asset objects unloaded after import = 3
========================================================================
Received Import Request.
  Time since last request: 0.000013 seconds.
  path: Assets/Toon Furniture/Materials/Chair_9.mat
  artifactKey: Guid(35f6412b7d0f22341b053bad4871ce4f) Importer(815301076,1909f56bfc062723c751e8b465ee728b)
Start importing Assets/Toon Furniture/Materials/Chair_9.mat using Guid(35f6412b7d0f22341b053bad4871ce4f) Importer(815301076,1909f56bfc062723c751e8b465ee728b)  -> (artifact id: '2b54a066230293ca7564930f656005b9') in 0.013414 seconds
Number of updated asset objects reloaded before import = 0
Number of asset objects unloaded after import = 3
========================================================================
Received Import Request.
  Time since last request: 0.000015 seconds.
  path: Assets/Toon Furniture/Models/Materials/Couch_3_1.mat
  artifactKey: Guid(c71c09eec3aa95346903ae63bdd1b057) Importer(815301076,1909f56bfc062723c751e8b465ee728b)
Start importing Assets/Toon Furniture/Models/Materials/Couch_3_1.mat using Guid(c71c09eec3aa95346903ae63bdd1b057) Importer(815301076,1909f56bfc062723c751e8b465ee728b)  -> (artifact id: 'd51bfa6e35256edf360bc677ea4b3e64') in 0.013667 seconds
Number of updated asset objects reloaded before import = 0
Number of asset objects unloaded after import = 3
========================================================================
Received Import Request.
  Time since last request: 2.429982 seconds.
  path: Assets/Toon Furniture/Models/Materials/Material.001.mat
  artifactKey: Guid(4053f8575b8820341a3bca1cdad2389b) Importer(815301076,1909f56bfc062723c751e8b465ee728b)
Start importing Assets/Toon Furniture/Models/Materials/Material.001.mat using Guid(4053f8575b8820341a3bca1cdad2389b) Importer(815301076,1909f56bfc062723c751e8b465ee728b)  -> (artifact id: '9ab801fd35e937421e1c39f4c681a923') in 0.012518 seconds
Number of updated asset objects reloaded before import = 0
Number of asset objects unloaded after import = 1
========================================================================
Received Import Request.
  Time since last request: 0.000104 seconds.
  path: Assets/Toon Furniture/Materials/Single_Bed_1.mat
  artifactKey: Guid(1ddcc504364d8f9449fe311e15a736a5) Importer(815301076,1909f56bfc062723c751e8b465ee728b)
Start importing Assets/Toon Furniture/Materials/Single_Bed_1.mat using Guid(1ddcc504364d8f9449fe311e15a736a5) Importer(815301076,1909f56bfc062723c751e8b465ee728b)  -> (artifact id: 'b982b2b80b8d11e2f5d67926c2bb8751') in 0.019267 seconds
Number of updated asset objects reloaded before import = 0
Number of asset objects unloaded after import = 3
========================================================================
Received Import Request.
  Time since last request: 26.255257 seconds.
  path: Assets/Toon Furniture/Materials/Sink_1.mat
  artifactKey: Guid(fb95a00c7ea2ea749aab701495f4639a) Importer(815301076,1909f56bfc062723c751e8b465ee728b)
Start importing Assets/Toon Furniture/Materials/Sink_1.mat using Guid(fb95a00c7ea2ea749aab701495f4639a) Importer(815301076,1909f56bfc062723c751e8b465ee728b)  -> (artifact id: '4bfbaec51203d91b0a32439a5a90c13b') in 0.009095 seconds
Number of updated asset objects reloaded before import = 0
Number of asset objects unloaded after import = 3
========================================================================
Received Import Request.
  Time since last request: 0.000016 seconds.
  path: Assets/01_AssetStore/DoorPackFree/Meshes/Door001/Materials/V2.mat
  artifactKey: Guid(8bf0befb68296734682237e45c19dba2) Importer(815301076,1909f56bfc062723c751e8b465ee728b)
Start importing Assets/01_AssetStore/DoorPackFree/Meshes/Door001/Materials/V2.mat using Guid(8bf0befb68296734682237e45c19dba2) Importer(815301076,1909f56bfc062723c751e8b465ee728b)  -> (artifact id: '2f27e5d68557efa0c5a20d6cb175624f') in 0.044317 seconds
Number of updated asset objects reloaded before import = 0
Number of asset objects unloaded after import = 4
========================================================================
Received Import Request.
  Time since last request: 23.601002 seconds.
  path: Assets/01_AssetStore/DoorPackFree/Meshes/Door001/Materials/V5.mat
  artifactKey: Guid(ff33776f394eae0438185b88600e3a2c) Importer(815301076,1909f56bfc062723c751e8b465ee728b)
Start importing Assets/01_AssetStore/DoorPackFree/Meshes/Door001/Materials/V5.mat using Guid(ff33776f394eae0438185b88600e3a2c) Importer(815301076,1909f56bfc062723c751e8b465ee728b)  -> (artifact id: '621cdf41a304c1836d364a86d6b43f2e') in 0.187919 seconds
Number of updated asset objects reloaded before import = 0
Number of asset objects unloaded after import = 5
========================================================================
Received Import Request.
  Time since last request: 34.691899 seconds.
  path: Assets/Toon Furniture/Textures/Headboard_1_Normal.png
  artifactKey: Guid(2ac377bf967cafa4090faa820702f6be) Importer(815301076,1909f56bfc062723c751e8b465ee728b)
Start importing Assets/Toon Furniture/Textures/Headboard_1_Normal.png using Guid(2ac377bf967cafa4090faa820702f6be) Importer(815301076,1909f56bfc062723c751e8b465ee728b)  -> (artifact id: '90c5383dc82b145344b9e1404f99c191') in 0.015611 seconds
Number of updated asset objects reloaded before import = 0
Number of asset objects unloaded after import = 2
========================================================================
Received Import Request.
  Time since last request: 79.090425 seconds.
  path: Assets/01_AssetStore/DoorPackFree/Meshes/Door001/Materials/13 - Default.mat
  artifactKey: Guid(99829cbb100c31e4e970100111dd691e) Importer(815301076,1909f56bfc062723c751e8b465ee728b)
Start importing Assets/01_AssetStore/DoorPackFree/Meshes/Door001/Materials/13 - Default.mat using Guid(99829cbb100c31e4e970100111dd691e) Importer(815301076,1909f56bfc062723c751e8b465ee728b)  -> (artifact id: 'e25a98d8da9559d203ec1972267ee3bf') in 0.007412 seconds
Number of updated asset objects reloaded before import = 0
Number of asset objects unloaded after import = 1
========================================================================
Received Import Request.
  Time since last request: 0.006691 seconds.
  path: Assets/Toon Furniture/Materials/Bed_1_1.mat
  artifactKey: Guid(a23f193da264873409fcb5b9edda3d7c) Importer(815301076,1909f56bfc062723c751e8b465ee728b)
Start importing Assets/Toon Furniture/Materials/Bed_1_1.mat using Guid(a23f193da264873409fcb5b9edda3d7c) Importer(815301076,1909f56bfc062723c751e8b465ee728b)  -> (artifact id: '48cb03a02caf89f4b135e36dc21638d3') in 0.011754 seconds
Number of updated asset objects reloaded before import = 0
Number of asset objects unloaded after import = 3
========================================================================
Received Import Request.
  Time since last request: 0.000011 seconds.
  path: Assets/Toon Furniture/Materials/Ball_1_1.mat
  artifactKey: Guid(bc571f4d55bfe8946a7f706439a53a1f) Importer(815301076,1909f56bfc062723c751e8b465ee728b)
Start importing Assets/Toon Furniture/Materials/Ball_1_1.mat using Guid(bc571f4d55bfe8946a7f706439a53a1f) Importer(815301076,1909f56bfc062723c751e8b465ee728b)  -> (artifact id: '143ed320fe170bca83b2df48421cb2a8') in 0.047816 seconds
Number of updated asset objects reloaded before import = 0
Number of asset objects unloaded after import = 2
Editor requested this worker to shutdown with reason: Scaling down because of idle timeout
TcpMessagingSession - receive error: operation aborted. errorcode: 995, details: スレッドの終了またはアプリケーションの要求によって、I/O 処理は中止されました。
AssetImportWorker is now disconnected from the server
Process exiting
Exiting without the bug reporter. Application will terminate with return code 0